--------------------------------------------------------------------------------
Makelog started: 2023-10-24 03:09:45
Working directory: /Users/betty/Desktop/template/data
--------------------------------------------------------------------------------
Input links successfully created!
External links successfully created!
Source logs successfully written!
WARNING! The following target files have been modified according to git status:
/Users/betty/Desktop/template/raw/chips.csv
/Users/betty/Desktop/template/raw/tv.csv
Version logs successfully written!
Executing command: `python  "/Users/betty/Desktop/template/data/code/merge_data.py" `
Executing command: `python  "/Users/betty/Desktop/template/data/code/clean_data.py" `
/Users/betty/Desktop/template/data/code/clean_data.py:17: SettingWithCopyWarning: 
A value is trying to be set on a copy of a slice from a DataFrame

See the caveats in the documentation: https://pandas.pydata.org/pandas-docs/stable/user_guide/indexing.html#returning-a-view-versus-a-copy
  df['chips_sold'][df['chips_sold'] == -999999] = np.NaN

Output logs successfully written!
--------------------------------------------------------------------------------
Makelog ended: 2023-10-24 03:09:50
Working directory: /Users/betty/Desktop/template/data
--------------------------------------------------------------------------------
