file name | last modified | file size
/Users/betty/Desktop/template/lib/gslab_make/gslab_make/__init__.py | 2023-10-24 09:06:22 | 2756
/Users/betty/Desktop/template/lib/gslab_make/docs/pages/api/write_logs/gslab_make.write_logs.write_to_makelog.html | 2023-10-24 09:06:22 | 6964
/Users/betty/Desktop/template/lib/gslab_make/sphinx/build/html/_sources/pages/filling 2.rst.txt | 2023-10-24 09:06:22 | 253
/Users/betty/Desktop/template/lib/gslab_make/docs/_static/css/fonts/lato-bold-italic.woff2 | 2023-10-24 09:06:22 | 193308
/Users/betty/Desktop/template/lib/gslab_make/test/raw/run_program/r_script.R | 2023-10-24 09:06:22 | 100
/Users/betty/Desktop/template/lib/gslab_make/sphinx/build/doctrees/pages/sourcing 2.doctree | 2023-10-24 09:06:22 | 78998
/Users/betty/Desktop/template/lib/gslab_make/sphinx/source/pages/api/move_sources/gslab_make.move_sources.copy_inputs.rst | 2023-10-24 09:06:22 | 99
/Users/betty/Desktop/template/lib/gslab_make/docs/_static/js/html5shiv.min.js | 2023-10-24 09:06:22 | 2734
/Users/betty/Desktop/template/lib/gslab_make/sphinx/build/doctrees/pages/api/run_program/gslab_make.run_program.run_python.doctree | 2023-10-24 09:06:22 | 18563
/Users/betty/Desktop/template/lib/gslab_make/sphinx/build/html/_static/fonts/Lato/lato-bolditalic.ttf | 2023-10-24 09:06:22 | 622572
/Users/betty/Desktop/template/lib/gslab_make/docs/_static/fonts/fontawesome-webfont.eot | 2023-10-24 09:06:22 | 165742
/Users/betty/Desktop/template/lib/gslab_make/docs/pages/general_logging 2.html | 2023-10-24 09:06:22 | 13422
/Users/betty/Desktop/template/lib/gslab_make/build/lib/test/test_tablefill.py | 2023-10-24 09:06:22 | 4248
/Users/betty/Desktop/template/lib/gslab_make/sphinx/build/html/_static/fonts/Lato/lato-regular.ttf | 2023-10-24 09:06:22 | 607720
/Users/betty/Desktop/template/lib/gslab_make/sphinx/build/html/_static/js/theme.js | 2023-10-24 09:06:22 | 5023
/Users/betty/Desktop/template/lib/gslab_make/sphinx/source/pages/api/run_program/gslab_make.run_program.run_latex.rst | 2023-10-24 09:06:22 | 92
/Users/betty/Desktop/template/lib/gslab_make/gslab_make/private/programdirective.py | 2023-10-24 09:06:22 | 10360
/Users/betty/Desktop/template/raw/chips.csv | 2023-10-24 09:03:42 | 8758851
/Users/betty/Desktop/template/lib/gslab_make/docs/_sources/pages/api/modify_dir/gslab_make.modify_dir.unzip.rst.txt | 2023-10-24 09:06:22 | 79
/Users/betty/Desktop/template/lib/gslab_make/sphinx/source/pages/dummy.rst | 2023-10-24 09:06:22 | 741
/Users/betty/Desktop/template/lib/gslab_make/sphinx/build/html/pages/api/run_program/gslab_make.run_program.run_r.html | 2023-10-24 09:06:22 | 11326
/Users/betty/Desktop/template/lib/gslab_make/sphinx/build/html/pages/source_logging.html | 2023-10-24 09:06:22 | 10644
/Users/betty/Desktop/template/lib/gslab_make/docs/pages/api/move_sources/gslab_make.move_sources.copy_inputs.html | 2023-10-24 09:06:22 | 12310
/Users/betty/Desktop/template/lib/gslab_make/test/raw/run_program/lyx_file_beamer.lyx | 2023-10-24 09:06:22 | 2000
/Users/betty/Desktop/template/lib/gslab_make/docs/_static/doctools.js | 2023-10-24 09:06:22 | 4472
/Users/betty/Desktop/template/lib/gslab_make/sphinx/build/html/pages/sourcing 2.html | 2023-10-24 09:06:22 | 31670
/Users/betty/Desktop/template/lib/gslab_make/sphinx/source/pages/dummy 2.rst | 2023-10-24 09:06:22 | 741
/Users/betty/Desktop/template/lib/gslab_make/docs/_sources/pages/api/run_program/gslab_make.run_program.execute_command.rst.txt | 2023-10-24 09:06:22 | 110
/Users/betty/Desktop/template/lib/gslab_make/sphinx/build/html/pages/api/run_program/gslab_make.run_program.run_perl.html | 2023-10-24 09:06:22 | 11413
/Users/betty/Desktop/template/lib/gslab_make/gslab_make/private/__pycache__/utility.cpython-312.pyc | 2023-10-24 09:14:16 | 8700
/Users/betty/Desktop/template/lib/gslab_make/sphinx/source/pages/api/write_logs/gslab_make.write_logs.end_makelog.rst | 2023-10-24 09:06:22 | 97
/Users/betty/Desktop/template/lib/gslab_make/sphinx/build/doctrees/pages/api/run_program/gslab_make.run_program.run_stata.doctree | 2023-10-24 09:06:22 | 19271
/Users/betty/Desktop/template/lib/gslab_make/sphinx/build/html/_sources/pages/api/write_logs/gslab_make.write_logs.log_files_in_output.rst.txt | 2023-10-24 09:06:22 | 121
/Users/betty/Desktop/template/lib/gslab_make/docs/_sources/pages/directory 2.rst.txt | 2023-10-24 09:06:22 | 344
/Users/betty/Desktop/template/lib/gslab_make/sphinx/build/html/_static/fonts/Lato/lato-regular.woff | 2023-10-24 09:06:22 | 309192
/Users/betty/Desktop/template/lib/gslab_make/sphinx/build/html/_sources/pages/api/make_utility/gslab_make.make_utility.update_paths.rst.txt | 2023-10-24 09:06:22 | 102
/Users/betty/Desktop/template/lib/gslab_make/test/raw/config/config.yaml | 2023-10-24 09:06:22 | 1004
/Users/betty/Desktop/template/lib/gslab_make/sphinx/build/html/_static/jquery-3.2.1.js | 2023-10-24 09:06:22 | 268039
/Users/betty/Desktop/template/lib/gslab_make/sphinx/build/html/_static/doctools.js | 2023-10-24 09:06:22 | 4472
/Users/betty/Desktop/template/lib/gslab_make/sphinx/source/pages/api/run_program/gslab_make.run_program.run_python.rst | 2023-10-24 09:06:22 | 95
/Users/betty/Desktop/template/lib/gslab_make/test/__init__.py | 2023-10-24 09:06:22 | 0
/Users/betty/Desktop/template/lib/gslab_make/docs/_sources/pages/directory.rst.txt | 2023-10-24 09:06:22 | 344
/Users/betty/Desktop/template/lib/gslab_make/test/raw/move_sources/file.txt | 2023-10-24 09:06:22 | 0
/Users/betty/Desktop/template/lib/gslab_make/sphinx/build/html/pages/api/make_utility/gslab_make.make_utility.update_executables.html | 2023-10-24 09:06:22 | 7481
/Users/betty/Desktop/template/lib/gslab_make/test/raw/config/config_bad.yaml | 2023-10-24 09:06:22 | 987
/Users/betty/Desktop/template/lib/gslab_make/sphinx/build/html/pages/repository.html | 2023-10-24 09:06:22 | 11230
/Users/betty/Desktop/template/lib/gslab_make/docs/_static/css/fonts/Roboto-Slab-Regular.woff2 | 2023-10-24 09:06:22 | 66444
/Users/betty/Desktop/template/lib/gslab_make/docs/_static/fonts/RobotoSlab/roboto-slab-v7-regular 2.ttf | 2023-10-24 09:06:22 | 169064
/Users/betty/Desktop/template/lib/gslab_make/sphinx/build/doctrees/pages/api/run_program/gslab_make.run_program.run_matlab.doctree | 2023-10-24 09:06:22 | 18438
/Users/betty/Desktop/template/lib/gslab_make/docs/_static/plus.png | 2023-10-24 09:06:22 | 90
/Users/betty/Desktop/template/lib/gslab_make/sphinx/build/html/_static/fonts/Lato/lato-bold.ttf | 2023-10-24 09:06:22 | 600856
/Users/betty/Desktop/template/lib/gslab_make/docs/_static/pygments 2.css | 2023-10-24 09:06:22 | 4819
/Users/betty/Desktop/template/lib/gslab_make/sphinx/build/doctrees/pages/api/check_repo/gslab_make.check_repo.get_modified_sources.doctree | 2023-10-24 09:06:22 | 12579
/Users/betty/Desktop/template/lib/gslab_make/docs/_static/fonts/RobotoSlab-Bold.ttf | 2023-10-24 09:06:22 | 170616
/Users/betty/Desktop/template/lib/gslab_make/docs/_static/fonts/fontawesome-webfont 2.eot | 2023-10-24 09:06:22 | 165742
/Users/betty/Desktop/template/lib/gslab_make/sphinx/source/pages/api/check_repo/gslab_make.check_repo.check_conda_status.rst | 2023-10-24 09:06:22 | 118
/Users/betty/Desktop/template/lib/gslab_make/sphinx/build/html/_static/css/fonts/lato-bold.woff2 | 2023-10-24 09:06:22 | 184912
/Users/betty/Desktop/template/lib/gslab_make/build/lib/gslab_make/check_repo.py | 2023-10-24 09:06:22 | 14471
/Users/betty/Desktop/template/lib/gslab_make/sphinx/source/pages/api/modify_dir/gslab_make.modify_dir.zip_dir.rst | 2023-10-24 09:06:22 | 85
/Users/betty/Desktop/template/lib/gslab_make/docs/_static/fonts/RobotoSlab/roboto-slab-v7-regular 2.eot | 2023-10-24 09:06:22 | 78331
/Users/betty/Desktop/template/lib/gslab_make/gslab_make/modify_dir.py | 2023-10-24 09:06:22 | 7384
/Users/betty/Desktop/template/lib/gslab_make/docs/_static/css/fonts/fontawesome-webfont.svg | 2023-10-24 09:06:22 | 444379
/Users/betty/Desktop/template/lib/gslab_make/sphinx/build/html/pages/utility 2.html | 2023-10-24 09:06:22 | 10474
/Users/betty/Desktop/template/lib/gslab_make/docs/_static/jquery-3.5.1.js | 2023-10-24 09:06:22 | 287630
/Users/betty/Desktop/template/lib/gslab_make/sphinx/build/html/pages/api/modify_dir/gslab_make.modify_dir.unzip.html | 2023-10-24 09:06:22 | 6701
/Users/betty/Desktop/template/lib/gslab_make/docs/pages/api/make_utility/gslab_make.make_utility.update_paths.html | 2023-10-24 09:06:22 | 6735
/Users/betty/Desktop/template/lib/gslab_make/docs/_static/css/fonts/lato-normal-italic.woff2 | 2023-10-24 09:06:22 | 195704
/Users/betty/Desktop/template/lib/gslab_make/docs/_static/fonts/Inconsolata-Regular 2.ttf | 2023-10-24 09:06:22 | 96964
/Users/betty/Desktop/template/lib/gslab_make/sphinx/make.bat | 2023-10-24 09:06:22 | 941
/Users/betty/Desktop/template/lib/gslab_make/sphinx/build/doctrees/pages/dummy.doctree | 2023-10-24 09:06:22 | 51378
/Users/betty/Desktop/template/lib/gslab_make/sphinx/build/html/_static/fonts/Lato/lato-italic.woff | 2023-10-24 09:06:22 | 328412
/Users/betty/Desktop/template/lib/gslab_make/test/raw/run_program/lyx_file_handout.lyx | 2023-10-24 09:06:22 | 2000
/Users/betty/Desktop/template/lib/gslab_make/build/lib/gslab_make/private/metadata.py | 2023-10-24 09:06:22 | 4133
/Users/betty/Desktop/template/lib/gslab_make/docs/pages/directory 2.html | 2023-10-24 09:06:22 | 11409
/Users/betty/Desktop/template/lib/gslab_make/sphinx/source/pages/api/move_sources/gslab_make.move_sources.link_inputs.rst | 2023-10-24 09:06:22 | 99
/Users/betty/Desktop/template/lib/gslab_make/test/raw/move_sources/move_empty.txt | 2023-10-24 09:06:22 | 22
/Users/betty/Desktop/template/lib/gslab_make/test/EXCLUDE_test_R.py | 2023-10-24 09:06:22 | 8001
/Users/betty/Desktop/template/lib/gslab_make/test/raw/run_program/stata_script.do | 2023-10-24 09:06:22 | 108
/Users/betty/Desktop/template/lib/gslab_make/sphinx/build/html/search.html | 2023-10-24 09:06:22 | 4762
/Users/betty/Desktop/template/lib/gslab_make/docs/_sources/pages/api/move_sources/gslab_make.move_sources.link_inputs.rst.txt | 2023-10-24 09:06:22 | 99
/Users/betty/Desktop/template/lib/gslab_make/sphinx/build/html/_static/fonts/Lato/lato-regular.eot | 2023-10-24 09:06:22 | 253461
/Users/betty/Desktop/template/lib/gslab_make/docs/_static/pygments.css | 2023-10-24 09:06:22 | 4819
/Users/betty/Desktop/template/lib/gslab_make/sphinx/build/html/_sources/pages/api/run_program/gslab_make.run_program.execute_command.rst.txt | 2023-10-24 09:06:22 | 110
/Users/betty/Desktop/template/lib/gslab_make/sphinx/build/html/_static/css/theme.css | 2023-10-24 09:06:22 | 131657
/Users/betty/Desktop/template/lib/gslab_make/docs/_static/language_data 2.js | 2023-10-24 09:06:22 | 4758
/Users/betty/Desktop/template/lib/gslab_make/test/raw/move_sources/move_wildcard.txt | 2023-10-24 09:06:22 | 66
/Users/betty/Desktop/template/lib/gslab_make/docs/pages/api/run_program/gslab_make.run_program.run_jupyter.html | 2023-10-24 09:06:22 | 10916
/Users/betty/Desktop/template/lib/gslab_make/sphinx/build/html/_static/fonts/Lato/lato-bolditalic.eot | 2023-10-24 09:06:22 | 266158
/Users/betty/Desktop/template/lib/gslab_make/sphinx/build/html/genindex.html | 2023-10-24 09:06:22 | 13095
/Users/betty/Desktop/template/lib/gslab_make/docs/pages/api/run_program/gslab_make.run_program.run_mathematica.html | 2023-10-24 09:06:22 | 11436
/Users/betty/Desktop/template/lib/gslab_make/gslab_make/textfill.py | 2023-10-24 09:06:22 | 5952
/Users/betty/Desktop/template/lib/gslab_make/docs/pages/api/tablefill/gslab_make.tablefill.tablefill.html | 2023-10-24 09:06:22 | 16380
/Users/betty/Desktop/template/lib/gslab_make/test/raw/run_program/lyx_file.lyx | 2023-10-24 09:06:22 | 1608
/Users/betty/Desktop/template/lib/gslab_make/docs/_static/jquery-3.6.0.js | 2023-10-24 09:06:22 | 288580
/Users/betty/Desktop/template/lib/gslab_make/docs/_static/fonts/Lato/lato-regular.woff | 2023-10-24 09:06:22 | 309192
/Users/betty/Desktop/template/lib/gslab_make/sphinx/build/html/_static/fonts/Lato/lato-italic.eot | 2023-10-24 09:06:22 | 268604
/Users/betty/Desktop/template/lib/gslab_make/gslab_make/__pycache__/tablefill.cpython-312.pyc | 2023-10-24 09:14:22 | 22564
/Users/betty/Desktop/template/lib/gslab_make/docs/_sources/pages/api/run_program/gslab_make.run_program.run_perl.rst.txt | 2023-10-24 09:06:22 | 89
/Users/betty/Desktop/template/lib/gslab_make/docs/_static/fonts/Lato-Regular.ttf | 2023-10-24 09:06:22 | 656568
/Users/betty/Desktop/template/lib/gslab_make/docs/_sources/pages/program.rst.txt | 2023-10-24 09:06:22 | 2704
/Users/betty/Desktop/template/lib/gslab_make/sphinx/build/doctrees/pages/api/tablefill/gslab_make.tablefill.tablefill.doctree | 2023-10-24 09:06:22 | 27880
/Users/betty/Desktop/template/lib/gslab_make/gslab_make/private/subprocess_fix.py | 2023-10-24 09:06:22 | 5428
/Users/betty/Desktop/template/lib/gslab_make/sphinx/build/html/_sources/pages/api/make_utility/gslab_make.make_utility.update_internal_paths.rst.txt | 2023-10-24 09:06:22 | 129
/Users/betty/Desktop/template/lib/gslab_make/sphinx/source/pages/directory.rst | 2023-10-24 09:06:22 | 344
/Users/betty/Desktop/template/lib/gslab_make/docs/pages/sourcing.html | 2023-10-24 09:06:22 | 33056
/Users/betty/Desktop/template/lib/gslab_make/build/lib/test/EXCLUDE_test_R.py | 2023-10-24 09:06:22 | 7997
/Users/betty/Desktop/template/lib/gslab_make/docs/_static/documentation_options.js | 2023-10-24 09:06:22 | 420
/Users/betty/Desktop/template/lib/gslab_make/gslab_make/__pycache__/__init__.cpython-312.pyc | 2023-10-24 09:14:14 | 1843
/Users/betty/Desktop/template/lib/gslab_make/docs/_static/fonts/RobotoSlab-Regular.ttf | 2023-10-24 09:06:22 | 169064
/Users/betty/Desktop/template/lib/gslab_make/docs/_sources/pages/api/modify_dir/gslab_make.modify_dir.clear_dir.rst.txt | 2023-10-24 09:06:22 | 91
/Users/betty/Desktop/template/lib/gslab_make/sphinx/build/html/_static/css/fonts/lato-bold-italic.woff | 2023-10-24 09:06:22 | 323344
/Users/betty/Desktop/template/lib/gslab_make/sphinx/build/html/_sources/pages/api/check_repo/gslab_make.check_repo.check_module_size.rst.txt | 2023-10-24 09:06:22 | 115
/Users/betty/Desktop/template/lib/gslab_make/docs/_sources/pages/filling 2.rst.txt | 2023-10-24 09:06:22 | 253
/Users/betty/Desktop/template/lib/gslab_make/docs/pages/general_logging.html | 2023-10-24 09:06:22 | 14709
/Users/betty/Desktop/template/lib/gslab_make/sphinx/source/pages/api/modify_dir/gslab_make.modify_dir.remove_dir.rst | 2023-10-24 09:06:22 | 94
/Users/betty/Desktop/template/lib/gslab_make/sphinx/build/html/_static/css/fonts/Roboto-Slab-Regular.woff2 | 2023-10-24 09:06:22 | 66444
/Users/betty/Desktop/template/lib/gslab_make/docs/_sources/pages/source_logging.rst.txt | 2023-10-24 09:06:22 | 380
/Users/betty/Desktop/template/lib/gslab_make/docs/index.html | 2023-10-24 09:06:22 | 7518
/Users/betty/Desktop/template/lib/gslab_make/sphinx/build/doctrees/pages/source_logging 2.doctree | 2023-10-24 09:06:22 | 20528
/Users/betty/Desktop/template/lib/gslab_make/test/raw/tablefill/tablefill_template_too_many_values.lyx | 2023-10-24 09:06:22 | 4701
/Users/betty/Desktop/template/lib/gslab_make/sphinx/build/html/_sources/pages/api/write_logs/gslab_make.write_logs.end_makelog.rst.txt | 2023-10-24 09:06:22 | 97
/Users/betty/Desktop/template/lib/gslab_make/sphinx/build/html/_sources/pages/general_logging.rst.txt | 2023-10-24 09:06:22 | 655
/Users/betty/Desktop/template/lib/gslab_make/test/raw/move_sources/move_bad_wildcard.txt | 2023-10-24 09:06:22 | 112
/Users/betty/Desktop/template/lib/gslab_make/test/raw/log_outputs/dir_local/file_local.txt | 2023-10-24 09:06:22 | 20
/Users/betty/Desktop/template/lib/gslab_make/docs/_static/fonts/Lato-Regular 2.ttf | 2023-10-24 09:06:22 | 656568
/Users/betty/Desktop/template/lib/gslab_make/test/raw/log_outputs/dir/file.txt | 2023-10-24 09:06:22 | 20
/Users/betty/Desktop/template/lib/gslab_make/docs/_static/fonts/RobotoSlab/roboto-slab-v7-bold.eot | 2023-10-24 09:06:22 | 79520
/Users/betty/Desktop/template/lib/gslab_make/sphinx/build/html/_sources/pages/directory.rst.txt | 2023-10-24 09:06:22 | 344
/Users/betty/Desktop/template/lib/gslab_make/build/lib/gslab_make/textfill_info.py | 2023-10-24 09:06:22 | 6314
/Users/betty/Desktop/template/lib/gslab_make/docs/_static/fonts/Lato/lato-regular.ttf | 2023-10-24 09:06:22 | 607720
/Users/betty/Desktop/template/lib/gslab_make/docs/_static/fonts/RobotoSlab/roboto-slab-v7-regular.woff | 2023-10-24 09:06:22 | 86288
/Users/betty/Desktop/template/lib/gslab_make/docs/_sources/pages/api/write_logs/gslab_make.write_logs.end_makelog.rst.txt | 2023-10-24 09:06:22 | 97
/Users/betty/Desktop/template/lib/gslab_make/gslab_make/write_version_logs.py | 2023-10-24 09:06:22 | 2610
/Users/betty/Desktop/template/lib/gslab_make/docs/_sources/pages/api/write_source_logs/gslab_make.write_source_logs.write_source_logs.rst.txt | 2023-10-24 09:06:22 | 122
/Users/betty/Desktop/template/lib/gslab_make/docs/pages/api/run_program/gslab_make.run_program.run_latex.html | 2023-10-24 09:06:22 | 11862
/Users/betty/Desktop/template/lib/gslab_make/test/raw/run_program/lyx_file_error.lyx | 2023-10-24 09:06:22 | 5
/Users/betty/Desktop/template/lib/gslab_make/docs/_static/css/fonts/fontawesome-webfont.ttf | 2023-10-24 09:06:22 | 165548
/Users/betty/Desktop/template/lib/gslab_make/test/raw/move_sources/move_file.txt | 2023-10-24 09:06:22 | 64
/Users/betty/Desktop/template/lib/gslab_make/sphinx/source/pages/api/write_source_logs/gslab_make.write_source_logs.write_source_logs.rst | 2023-10-24 09:06:22 | 122
/Users/betty/Desktop/template/lib/gslab_make/sphinx/source/pages/api/move_sources/gslab_make.move_sources.link_externals.rst | 2023-10-24 09:06:22 | 108
/Users/betty/Desktop/template/lib/gslab_make/docs/_sources/pages/api/check_repo/gslab_make.check_repo.check_module_size.rst.txt | 2023-10-24 09:06:22 | 115
/Users/betty/Desktop/template/lib/gslab_make/sphinx/build/html/_sources/pages/api/modify_dir/gslab_make.modify_dir.clear_dir.rst.txt | 2023-10-24 09:06:22 | 91
/Users/betty/Desktop/template/lib/gslab_make/gslab_make/tablefill.py | 2023-10-24 09:06:22 | 20325
/Users/betty/Desktop/template/lib/gslab_make/sphinx/build/html/_static/fonts/RobotoSlab/roboto-slab-v7-regular.woff | 2023-10-24 09:06:22 | 86288
/Users/betty/Desktop/template/lib/gslab_make/docs/search.html | 2023-10-24 09:06:22 | 4762
/Users/betty/Desktop/template/lib/gslab_make/docs/_static/file 2.png | 2023-10-24 09:06:22 | 286
/Users/betty/Desktop/template/lib/gslab_make/sphinx/source/pages/filling 2.rst | 2023-10-24 09:06:22 | 253
/Users/betty/Desktop/template/lib/gslab_make/sphinx/build/html/_sources/pages/repository.rst.txt | 2023-10-24 09:06:22 | 363
/Users/betty/Desktop/template/lib/gslab_make/sphinx/build/doctrees/pages/api/run_program/gslab_make.run_program.run_module.doctree | 2023-10-24 09:06:22 | 12830
/Users/betty/Desktop/template/lib/gslab_make/gslab_make/__pycache__/write_source_logs.cpython-312.pyc | 2023-10-24 09:14:22 | 5543
/Users/betty/Desktop/template/lib/gslab_make/docs/_static/fonts/RobotoSlab/roboto-slab-v7-bold.ttf | 2023-10-24 09:06:22 | 170616
/Users/betty/Desktop/template/lib/gslab_make/sphinx/build/html/_static/js/badge_only.js | 2023-10-24 09:06:22 | 934
/Users/betty/Desktop/template/lib/gslab_make/test/raw/run_program/stata_script_error.do | 2023-10-24 09:06:22 | 5
/Users/betty/Desktop/template/lib/gslab_make/docs/_sources/pages/api/make_utility/gslab_make.make_utility.update_paths.rst.txt | 2023-10-24 09:06:22 | 102
/Users/betty/Desktop/template/lib/gslab_make/docs/pages/dummy.html | 2023-10-24 09:06:22 | 18203
/Users/betty/Desktop/template/lib/gslab_make/sphinx/build/html/_static/jquery.js | 2023-10-24 09:06:22 | 89501
/Users/betty/Desktop/template/lib/gslab_make/gslab_make/private/__pycache__/programdirective.cpython-312.pyc | 2023-10-24 09:14:22 | 14561
/Users/betty/Desktop/template/lib/gslab_make/docs/_static/underscore.js | 2023-10-24 09:06:22 | 19530
/Users/betty/Desktop/template/lib/gslab_make/sphinx/build/html/_sources/pages/api/modify_dir/gslab_make.modify_dir.unzip.rst.txt | 2023-10-24 09:06:22 | 79
/Users/betty/Desktop/template/lib/gslab_make/sphinx/build/doctrees/pages/filling.doctree | 2023-10-24 09:06:22 | 28794
/Users/betty/Desktop/template/lib/gslab_make/gslab_make/private/__pycache__/__init__.cpython-312.pyc | 2023-10-24 09:14:16 | 181
/Users/betty/Desktop/template/lib/gslab_make/sphinx/source/pages/api/modify_dir/gslab_make.modify_dir.unzip.rst | 2023-10-24 09:06:22 | 79
/Users/betty/Desktop/template/lib/gslab_make/sphinx/source/pages/api/run_program/gslab_make.run_program.run_stat_transfer.rst | 2023-10-24 09:06:22 | 116
/Users/betty/Desktop/template/lib/gslab_make/docs/_sources/pages/general_logging 2.rst.txt | 2023-10-24 09:06:22 | 655
/Users/betty/Desktop/template/lib/gslab_make/docs/_sources/pages/api/run_program/gslab_make.run_program.run_matlab.rst.txt | 2023-10-24 09:06:22 | 95
/Users/betty/Desktop/template/lib/gslab_make/sphinx/build/html/pages/api/write_logs/gslab_make.write_logs.log_files_in_output.html | 2023-10-24 09:06:22 | 10098
/Users/betty/Desktop/template/lib/gslab_make/docs/_sources/pages/api/move_sources/gslab_make.move_sources.copy_externals.rst.txt | 2023-10-24 09:06:22 | 108
/Users/betty/Desktop/template/lib/gslab_make/sphinx/build/html/_sources/pages/api/move_sources/gslab_make.move_sources.copy_inputs.rst.txt | 2023-10-24 09:06:22 | 99
/Users/betty/Desktop/template/lib/gslab_make/gslab_make/write_logs.py | 2023-10-24 09:06:22 | 10665
/Users/betty/Desktop/template/lib/gslab_make/test/raw/run_program/perl_script space.pl | 2023-10-24 09:06:22 | 208
/Users/betty/Desktop/template/lib/gslab_make/test/raw/run_program/python_script_error.py | 2023-10-24 09:06:22 | 5
/Users/betty/Desktop/template/lib/gslab_make/test/WIP_test_matlab.py | 2023-10-24 09:06:22 | 8012
/Users/betty/Desktop/template/lib/gslab_make/test/raw/tablefill/tablefill_template space.lyx | 2023-10-24 09:06:22 | 4256
/Users/betty/Desktop/template/lib/gslab_make/build/lib/gslab_make/private/utility.py | 2023-10-24 09:06:22 | 8202
/Users/betty/Desktop/template/lib/gslab_make/sphinx/source/pages/utility.rst | 2023-10-24 09:06:22 | 327
/Users/betty/Desktop/template/lib/gslab_make/sphinx/build/html/_sources/pages/sourcing 2.rst.txt | 2023-10-24 09:06:22 | 548
/Users/betty/Desktop/template/lib/gslab_make/test/raw/run_program/perl_script.pl | 2023-10-24 09:06:22 | 208
/Users/betty/Desktop/template/lib/gslab_make/docs/_static/fonts/Inconsolata-Bold 2.ttf | 2023-10-24 09:06:22 | 109948
/Users/betty/Desktop/template/lib/gslab_make/CODE_OF_CONDUCT.md | 2023-10-24 09:06:22 | 3353
/Users/betty/Desktop/template/lib/gslab_make/docs/_sources/index.rst.txt | 2023-10-24 09:06:22 | 1039
/Users/betty/Desktop/template/lib/gslab_make/sphinx/build/html/pages/api/move_sources/gslab_make.move_sources.copy_externals.html | 2023-10-24 09:06:22 | 12303
/Users/betty/Desktop/template/lib/gslab_make/test/raw/tablefill/tablefill_template_extra_input.lyx | 2023-10-24 09:06:22 | 1736
/Users/betty/Desktop/template/lib/gslab_make/docs/_static/underscore-1.3.1.js | 2023-10-24 09:06:22 | 35168
/Users/betty/Desktop/template/lib/gslab_make/sphinx/build/doctrees/pages/dummy 2.doctree | 2023-10-24 09:06:22 | 51450
/Users/betty/Desktop/template/lib/gslab_make/sphinx/source/pages/api/check_repo/gslab_make.check_repo.check_module_size.rst | 2023-10-24 09:06:22 | 115
/Users/betty/Desktop/template/lib/gslab_make/build/lib/gslab_make/make_utility.py | 2023-10-24 09:06:22 | 5785
/Users/betty/Desktop/template/lib/gslab_make/test/test_modify_dir.py | 2023-10-24 09:06:22 | 7852
/Users/betty/Desktop/template/lib/gslab_make/sphinx/source/pages/api/run_program/gslab_make.run_program.run_matlab.rst | 2023-10-24 09:06:22 | 95
/Users/betty/Desktop/template/lib/gslab_make/sphinx/build/html/_sources/index.rst.txt | 2023-10-24 09:06:22 | 1039
/Users/betty/Desktop/template/lib/gslab_make/docs/_sources/pages/api/run_program/gslab_make.run_program.run_mathematica.rst.txt | 2023-10-24 09:06:22 | 110
/Users/betty/Desktop/template/lib/gslab_make/build/lib/gslab_make/private/exceptionclasses.py | 2023-10-24 09:06:22 | 943
/Users/betty/Desktop/template/lib/gslab_make/sphinx/source/pages/api/write_logs/gslab_make.write_logs.start_makelog.rst | 2023-10-24 09:06:22 | 103
/Users/betty/Desktop/template/lib/gslab_make/docs/pages/api/modify_dir/gslab_make.modify_dir.unzip.html | 2023-10-24 09:06:22 | 6701
/Users/betty/Desktop/template/lib/gslab_make/docs/pages/api/run_program/gslab_make.run_program.execute_command.html | 2023-10-24 09:06:22 | 11312
/Users/betty/Desktop/template/lib/gslab_make/docs/_sources/pages/dummy 2.rst.txt | 2023-10-24 09:06:22 | 741
/Users/betty/Desktop/template/lib/gslab_make/docs/_static/js/badge_only.js | 2023-10-24 09:06:22 | 934
/Users/betty/Desktop/template/lib/gslab_make/sphinx/build/html/pages/directory 2.html | 2023-10-24 09:06:22 | 11409
/Users/betty/Desktop/template/lib/gslab_make/sphinx/source/pages/general_logging.rst | 2023-10-24 09:06:22 | 655
/Users/betty/Desktop/template/lib/gslab_make/docs/_static/fonts/Lato/lato-regular.woff2 | 2023-10-24 09:06:22 | 182708
/Users/betty/Desktop/template/lib/gslab_make/sphinx/build/doctrees/pages/sourcing.doctree | 2023-10-24 09:06:22 | 78994
/Users/betty/Desktop/template/raw/tv.csv | 2023-10-24 09:03:42 | 98923
/Users/betty/Desktop/template/lib/gslab_make/docs/pages/api/write_source_logs/gslab_make.write_source_logs.write_source_logs.html | 2023-10-24 09:06:22 | 10459
/Users/betty/Desktop/template/lib/gslab_make/docs/_static/basic.css | 2023-10-24 09:06:22 | 14621
/Users/betty/Desktop/template/lib/gslab_make/docs/_sources/pages/api/run_program/gslab_make.run_program.run_jupyter.rst.txt | 2023-10-24 09:06:22 | 98
/Users/betty/Desktop/template/lib/gslab_make/gslab_make/private/__pycache__/movedirective.cpython-312.pyc | 2023-10-24 09:14:16 | 17267
/Users/betty/Desktop/template/lib/gslab_make/build/lib/test/EXCLUDE_test_stata.py | 2023-10-24 09:06:22 | 8010
/Users/betty/Desktop/template/lib/gslab_make/sphinx/build/html/_static/jquery-3.5.1.js | 2023-10-24 09:06:22 | 287630
/Users/betty/Desktop/template/lib/gslab_make/docs/_static/fonts/RobotoSlab/roboto-slab-v7-bold 2.woff2 | 2023-10-24 09:06:22 | 67312
/Users/betty/Desktop/template/lib/gslab_make/test/raw/run_program/matlab_script.m | 2023-10-24 09:06:22 | 84
/Users/betty/Desktop/template/lib/gslab_make/docs/_sources/pages/api/check_repo/gslab_make.check_repo.check_conda_status.rst.txt | 2023-10-24 09:06:22 | 118
/Users/betty/Desktop/template/lib/gslab_make/build/lib/test/WIP_test_matlab.py | 2023-10-24 09:06:22 | 8012
/Users/betty/Desktop/template/lib/gslab_make/sphinx/build/html/_static/css/fonts/lato-bold.woff | 2023-10-24 09:06:22 | 309728
/Users/betty/Desktop/template/lib/gslab_make/sphinx/build/html/index.html | 2023-10-24 09:06:22 | 7518
/Users/betty/Desktop/template/lib/gslab_make/docs/_static/fonts/fontawesome-webfont.svg | 2023-10-24 09:06:22 | 444379
/Users/betty/Desktop/template/lib/gslab_make/sphinx/source/pages/sourcing 2.rst | 2023-10-24 09:06:22 | 548
/Users/betty/Desktop/template/lib/gslab_make/sphinx/build/html/_static/fonts/RobotoSlab-Regular.ttf | 2023-10-24 09:06:22 | 169064
/Users/betty/Desktop/template/lib/gslab_make/sphinx/build/doctrees/pages/api/run_program/gslab_make.run_program.run_latex.doctree | 2023-10-24 09:06:22 | 20056
/Users/betty/Desktop/template/lib/gslab_make/sphinx/build/doctrees/pages/api/write_logs/gslab_make.write_logs.log_files_in_output.doctree | 2023-10-24 09:06:22 | 17521
/Users/betty/Desktop/template/lib/gslab_make/docs/pages/api/check_repo/gslab_make.check_repo.get_modified_sources.html | 2023-10-24 09:06:22 | 8805
/Users/betty/Desktop/template/lib/gslab_make/sphinx/build/html/_sources/pages/dummy 2.rst.txt | 2023-10-24 09:06:22 | 741
/Users/betty/Desktop/template/lib/gslab_make/sphinx/source/pages/filling.rst | 2023-10-24 09:06:22 | 253
/Users/betty/Desktop/template/lib/gslab_make/build/lib/test/test_log_sources.py | 2023-10-24 09:06:22 | 4585
/Users/betty/Desktop/template/lib/gslab_make/test/raw/tablefill/tablefill.txt | 2023-10-24 09:06:22 | 66
/Users/betty/Desktop/template/lib/gslab_make/test/raw/tablefill/tablefill_template_not_enough_values.lyx | 2023-10-24 09:06:22 | 3823
/Users/betty/Desktop/template/lib/gslab_make/sphinx/build/html/_sources/pages/api/run_program/gslab_make.run_program.run_lyx.rst.txt | 2023-10-24 09:06:22 | 86
/Users/betty/Desktop/template/lib/gslab_make/docs/_static/fonts/Lato/lato-italic.ttf | 2023-10-24 09:06:22 | 639388
/Users/betty/Desktop/template/lib/gslab_make/docs/_static/css/fonts/lato-bold.woff2 | 2023-10-24 09:06:22 | 184912
/Users/betty/Desktop/template/lib/gslab_make/sphinx/build/html/_static/searchtools.js | 2023-10-24 09:06:22 | 18215
/Users/betty/Desktop/template/lib/gslab_make/sphinx/source/pages/sourcing.rst | 2023-10-24 09:06:22 | 548
/Users/betty/Desktop/template/lib/gslab_make/sphinx/build/doctrees/pages/api/move_sources/gslab_make.move_sources.link_inputs.doctree | 2023-10-24 09:06:22 | 21381
/Users/betty/Desktop/template/lib/gslab_make/sphinx/build/html/_sources/pages/api/run_program/gslab_make.run_program.run_latex.rst.txt | 2023-10-24 09:06:22 | 92
/Users/betty/Desktop/template/lib/gslab_make/docs/_sources/pages/utility 2.rst.txt | 2023-10-24 09:06:22 | 327
/Users/betty/Desktop/template/lib/gslab_make/build/lib/gslab_make/modify_dir.py | 2023-10-24 09:06:22 | 7384
/Users/betty/Desktop/template/lib/gslab_make/sphinx/build/doctrees/pages/api/make_utility/gslab_make.make_utility.update_paths.doctree | 2023-10-24 09:06:22 | 7155
/Users/betty/Desktop/template/lib/gslab_make/sphinx/build/html/_sources/pages/api/move_sources/gslab_make.move_sources.copy_externals.rst.txt | 2023-10-24 09:06:22 | 108
/Users/betty/Desktop/template/lib/gslab_make/docs/_static/fonts/fontawesome-webfont.ttf | 2023-10-24 09:06:22 | 165548
/Users/betty/Desktop/template/lib/gslab_make/docs/pages/api/run_program/gslab_make.run_program.run_matlab.html | 2023-10-24 09:06:22 | 11413
/Users/betty/Desktop/template/lib/gslab_make/sphinx/build/doctrees/pages/general_logging.doctree | 2023-10-24 09:06:22 | 35511
/Users/betty/Desktop/template/lib/gslab_make/docs/_sources/pages/api/run_program/gslab_make.run_program.run_module.rst.txt | 2023-10-24 09:06:22 | 95
/Users/betty/Desktop/template/lib/gslab_make/sphinx/build/html/_sources/pages/dummy.rst.txt | 2023-10-24 09:06:22 | 741
/Users/betty/Desktop/template/lib/gslab_make/docs/genindex 2.html | 2023-10-24 09:06:22 | 13012
/Users/betty/Desktop/template/lib/gslab_make/sphinx/build/html/_static/css/fonts/fontawesome-webfont.eot | 2023-10-24 09:06:22 | 165742
/Users/betty/Desktop/template/lib/gslab_make/docs/_static/css/fonts/fontawesome-webfont.woff2 | 2023-10-24 09:06:22 | 77160
/Users/betty/Desktop/template/lib/gslab_make/sphinx/build/html/_static/fonts/fontawesome-webfont.woff2 | 2023-10-24 09:06:22 | 77160
/Users/betty/Desktop/template/lib/gslab_make/docs/pages/api/write_logs/gslab_make.write_logs.log_files_in_output.html | 2023-10-24 09:06:22 | 10098
/Users/betty/Desktop/template/lib/gslab_make/sphinx/source/pages/api/run_program/gslab_make.run_program.run_module.rst | 2023-10-24 09:06:22 | 95
/Users/betty/Desktop/template/lib/gslab_make/build/lib/test/WIP_test_latex.py | 2023-10-24 09:06:22 | 2298
/Users/betty/Desktop/template/lib/gslab_make/docs/_sources/pages/source_logging 2.rst.txt | 2023-10-24 09:06:22 | 380
/Users/betty/Desktop/template/lib/gslab_make/test/raw/log_outputs/dir space/file space.txt | 2023-10-24 09:06:22 | 20
/Users/betty/Desktop/template/lib/gslab_make/test/WIP_test_latex.py | 2023-10-24 09:06:22 | 2298
/Users/betty/Desktop/template/lib/gslab_make/docs/pages/directory.html | 2023-10-24 09:06:22 | 12728
/Users/betty/Desktop/template/lib/gslab_make/sphinx/build/html/pages/specifying_paths.html | 2023-10-24 09:06:22 | 11828
/Users/betty/Desktop/template/lib/gslab_make/test/test_log_outputs.py | 2023-10-24 09:06:22 | 5111
/Users/betty/Desktop/template/lib/gslab_make/gslab_make/private/utility.py | 2023-10-24 09:06:22 | 8202
/Users/betty/Desktop/template/lib/gslab_make/docs/pages/utility 2.html | 2023-10-24 09:06:22 | 10474
/Users/betty/Desktop/template/lib/gslab_make/sphinx/source/pages/api/move_sources/gslab_make.move_sources.copy_externals.rst | 2023-10-24 09:06:22 | 108
/Users/betty/Desktop/template/lib/gslab_make/sphinx/build/html/_sources/pages/api/make_utility/gslab_make.make_utility.update_external_paths.rst.txt | 2023-10-24 09:06:22 | 129
/Users/betty/Desktop/template/lib/gslab_make/gslab_make/tablefill_info.py | 2023-10-24 09:06:22 | 8432
/Users/betty/Desktop/template/lib/gslab_make/sphinx/build/html/_static/fonts/fontawesome-webfont.svg | 2023-10-24 09:06:22 | 444379
/Users/betty/Desktop/template/lib/gslab_make/docs/_sources/pages/general_logging.rst.txt | 2023-10-24 09:06:22 | 655
/Users/betty/Desktop/template/lib/gslab_make/sphinx/build/html/_static/fonts/RobotoSlab/roboto-slab-v7-bold.eot | 2023-10-24 09:06:22 | 79520
/Users/betty/Desktop/template/lib/gslab_make/setup.py | 2023-10-24 09:06:22 | 738
/Users/betty/Desktop/template/lib/gslab_make/build/lib/test/EXCLUDE_test_perl.py | 2023-10-24 09:06:22 | 8121
/Users/betty/Desktop/template/lib/gslab_make/sphinx/build/html/pages/api/move_sources/gslab_make.move_sources.link_externals.html | 2023-10-24 09:06:22 | 12526
/Users/betty/Desktop/template/lib/gslab_make/sphinx/build/doctrees/pages/api/run_program/gslab_make.run_program.run_perl.doctree | 2023-10-24 09:06:22 | 18527
/Users/betty/Desktop/template/lib/gslab_make/build/lib/gslab_make/private/programdirective.py | 2023-10-24 09:06:22 | 10360
/Users/betty/Desktop/template/lib/gslab_make/docs/_static/fonts/fontawesome-webfont 2.woff | 2023-10-24 09:06:22 | 98024
/Users/betty/Desktop/template/lib/gslab_make/sphinx/build/html/_static/fonts/fontawesome-webfont.ttf | 2023-10-24 09:06:22 | 165548
/Users/betty/Desktop/template/lib/gslab_make/build/lib/gslab_make/tablefill_info.py | 2023-10-24 09:06:22 | 8432
/Users/betty/Desktop/template/lib/gslab_make/gslab_make/run_program.py | 2023-10-24 09:06:22 | 42182
/Users/betty/Desktop/template/lib/gslab_make/sphinx/source/pages/api/check_repo/gslab_make.check_repo.get_modified_sources.rst | 2023-10-24 09:06:22 | 124
/Users/betty/Desktop/template/lib/gslab_make/docs/pages/filling 2.html | 2023-10-24 09:06:22 | 15857
/Users/betty/Desktop/template/lib/gslab_make/test/EXCLUDE_test_stata.py | 2023-10-24 09:06:22 | 8022
/Users/betty/Desktop/template/lib/gslab_make/docs/_static/graphviz.css | 2023-10-24 09:06:22 | 299
/Users/betty/Desktop/template/lib/gslab_make/sphinx/build/html/pages/api/make_utility/gslab_make.make_utility.update_paths.html | 2023-10-24 09:06:22 | 6735
/Users/betty/Desktop/template/lib/gslab_make/sphinx/build/doctrees/environment.pickle | 2023-10-24 09:06:22 | 101644
/Users/betty/Desktop/template/lib/gslab_make/docs/_static/fonts/Lato/lato-bolditalic.woff2 | 2023-10-24 09:06:22 | 193308
/Users/betty/Desktop/template/lib/gslab_make/build/lib/test/test_log_outputs.py | 2023-10-24 09:06:22 | 5111
/Users/betty/Desktop/template/lib/gslab_make/test/test_log_sources.py | 2023-10-24 09:06:22 | 4585
/Users/betty/Desktop/template/lib/gslab_make/gslab_make/__pycache__/textfill_info.cpython-312.pyc | 2023-10-24 09:14:22 | 6506
/Users/betty/Desktop/template/lib/gslab_make/docs/_static/fonts/Lato/lato-bolditalic.eot | 2023-10-24 09:06:22 | 266158
/Users/betty/Desktop/template/lib/gslab_make/docs/pages/api/move_sources/gslab_make.move_sources.link_externals.html | 2023-10-24 09:06:22 | 12526
/Users/betty/Desktop/template/lib/gslab_make/docs/_static/fonts/Lato-Bold 2.ttf | 2023-10-24 09:06:22 | 656544
/Users/betty/Desktop/template/lib/gslab_make/test/raw/config/config_user_bad.yaml | 2023-10-24 09:06:22 | 131
/Users/betty/Desktop/template/lib/gslab_make/sphinx/build/html/_static/css/fonts/lato-normal.woff2 | 2023-10-24 09:06:22 | 182708
/Users/betty/Desktop/template/lib/gslab_make/sphinx/source/pages/api/modify_dir/gslab_make.modify_dir.clear_dir.rst | 2023-10-24 09:06:22 | 91
/Users/betty/Desktop/template/lib/gslab_make/sphinx/build/doctrees/pages/directory.doctree | 2023-10-24 09:06:22 | 27253
/Users/betty/Desktop/template/lib/gslab_make/gslab_make/__pycache__/run_program.cpython-312.pyc | 2023-10-24 09:14:16 | 44070
/Users/betty/Desktop/template/lib/gslab_make/build/lib/test/__init__.py | 2023-10-24 09:06:22 | 0
/Users/betty/Desktop/template/lib/gslab_make/docs/_sources/pages/api/check_repo/gslab_make.check_repo.get_modified_sources.rst.txt | 2023-10-24 09:06:22 | 124
/Users/betty/Desktop/template/lib/gslab_make/sphinx/build/html/_sources/pages/source_logging.rst.txt | 2023-10-24 09:06:22 | 380
/Users/betty/Desktop/template/lib/gslab_make/sphinx/build/doctrees/pages/api/run_program/gslab_make.run_program.run_stat_transfer.doctree | 2023-10-24 09:06:22 | 18750
/Users/betty/Desktop/template/lib/gslab_make/docs/_static/fonts/Lato/lato-bold.woff2 | 2023-10-24 09:06:22 | 184912
/Users/betty/Desktop/template/lib/gslab_make/sphinx/build/doctrees/pages/api/write_logs/gslab_make.write_logs.write_to_makelog.doctree | 2023-10-24 09:06:22 | 8103
/Users/betty/Desktop/template/lib/gslab_make/gslab_make/__pycache__/check_repo.cpython-39.pyc | 2023-10-24 09:06:56 | 13800
/Users/betty/Desktop/template/lib/gslab_make/test/raw/tablefill/tablefill_no_tag.txt | 2023-10-24 09:06:22 | 56
/Users/betty/Desktop/template/lib/gslab_make/sphinx/build/html/_static/fonts/Lato/lato-bolditalic.woff2 | 2023-10-24 09:06:22 | 193308
/Users/betty/Desktop/template/lib/gslab_make/sphinx/build/html/searchindex.js | 2023-10-24 09:06:22 | 37621
/Users/betty/Desktop/template/lib/gslab_make/sphinx/source/conf 2.py | 2023-10-24 09:06:22 | 1537
/Users/betty/Desktop/template/lib/gslab_make/test/raw/log_sources/dir space/file space.txt | 2023-10-24 09:06:22 | 20
/Users/betty/Desktop/template/lib/gslab_make/sphinx/build/html/_static/fonts/Lato/lato-italic.ttf | 2023-10-24 09:06:22 | 639388
/Users/betty/Desktop/template/lib/gslab_make/sphinx/build/html/_static/css/fonts/Roboto-Slab-Bold.woff | 2023-10-24 09:06:22 | 87624
/Users/betty/Desktop/template/lib/gslab_make/docs/_static/underscore-1.13.1 2.js | 2023-10-24 09:06:22 | 68420
/Users/betty/Desktop/template/lib/gslab_make/build/lib/gslab_make/write_version_logs.py | 2023-10-24 09:06:22 | 2652
/Users/betty/Desktop/template/lib/gslab_make/sphinx/build/doctrees/pages/api/run_program/gslab_make.run_program.run_jupyter.doctree | 2023-10-24 09:06:22 | 13990
/Users/betty/Desktop/template/lib/gslab_make/sphinx/build/html/pages/api/run_program/gslab_make.run_program.run_stat_transfer.html | 2023-10-24 09:06:22 | 11549
/Users/betty/Desktop/template/lib/gslab_make/test/raw/config/config_user_empty.yaml | 2023-10-24 09:06:22 | 96
/Users/betty/Desktop/template/lib/gslab_make/sphinx/build/html/_sources/pages/api/run_program/gslab_make.run_program.run_mathematica.rst.txt | 2023-10-24 09:06:22 | 110
/Users/betty/Desktop/template/lib/gslab_make/sphinx/build/html/pages/api/modify_dir/gslab_make.modify_dir.clear_dir.html | 2023-10-24 09:06:22 | 7869
/Users/betty/Desktop/template/lib/gslab_make/docs/_sources/pages/specifying_paths.rst.txt | 2023-10-24 09:06:22 | 2616
/Users/betty/Desktop/template/lib/gslab_make/sphinx/source/pages/api/make_utility/gslab_make.make_utility.update_external_paths.rst | 2023-10-24 09:06:22 | 129
/Users/betty/Desktop/template/lib/gslab_make/test/raw/log_sources/dir_depth/dir_depth/depth_2.txt | 2023-10-24 09:06:22 | 20
/Users/betty/Desktop/template/lib/gslab_make/sphinx/build/html/pages/api/run_program/gslab_make.run_program.run_lyx.html | 2023-10-24 09:06:22 | 12309
/Users/betty/Desktop/template/lib/gslab_make/sphinx/build/html/_sources/pages/program.rst.txt | 2023-10-24 09:06:22 | 2704
/Users/betty/Desktop/template/lib/gslab_make/docs/_static/underscore-1.12.0 2.js | 2023-10-24 09:06:22 | 67692
/Users/betty/Desktop/template/lib/gslab_make/docs/_sources/pages/api/run_program/gslab_make.run_program.run_latex.rst.txt | 2023-10-24 09:06:22 | 92
/Users/betty/Desktop/template/lib/gslab_make/sphinx/build/html/_static/fonts/Inconsolata.ttf | 2023-10-24 09:06:22 | 63184
/Users/betty/Desktop/template/lib/gslab_make/build/lib/gslab_make/textfill.py | 2023-10-24 09:06:22 | 5952
/Users/betty/Desktop/template/lib/gslab_make/gslab_make/check_repo.py | 2023-10-24 09:06:22 | 14471
/Users/betty/Desktop/template/lib/gslab_make/sphinx/build/html/_static/css/badge_only.css | 2023-10-24 09:06:22 | 3229
/Users/betty/Desktop/template/lib/gslab_make/docs/_static/jquery-3.5.1 2.js | 2023-10-24 09:06:22 | 287630
/Users/betty/Desktop/template/lib/gslab_make/test/raw/run_program/lyx_file_handout_handout.lyx.bak | 2023-10-24 09:06:22 | 2000
/Users/betty/Desktop/template/lib/gslab_make/sphinx/build/html/_static/fonts/RobotoSlab/roboto-slab-v7-regular.woff2 | 2023-10-24 09:06:22 | 66444
/Users/betty/Desktop/template/lib/gslab_make/docs/_sources/pages/dummy.rst.txt | 2023-10-24 09:06:22 | 741
/Users/betty/Desktop/template/lib/gslab_make/docs/_sources/pages/api/write_logs/gslab_make.write_logs.log_files_in_output.rst.txt | 2023-10-24 09:06:22 | 121
/Users/betty/Desktop/template/lib/gslab_make/sphinx/build/html/_static/fonts/Lato-Bold.ttf | 2023-10-24 09:06:22 | 656544
/Users/betty/Desktop/template/lib/gslab_make/sphinx/build/html/_static/fonts/Lato/lato-regular.woff2 | 2023-10-24 09:06:22 | 182708
/Users/betty/Desktop/template/lib/gslab_make/sphinx/build/doctrees/pages/api/move_sources/gslab_make.move_sources.link_externals.doctree | 2023-10-24 09:06:22 | 21477
/Users/betty/Desktop/template/lib/gslab_make/sphinx/build/html/_static/underscore-1.12.0.js | 2023-10-24 09:06:22 | 67692
/Users/betty/Desktop/template/lib/gslab_make/test/raw/log_sources/move space.txt | 2023-10-24 09:06:22 | 65
/Users/betty/Desktop/template/lib/gslab_make/sphinx/build/html/_static/underscore-1.3.1.js | 2023-10-24 09:06:22 | 35168
/Users/betty/Desktop/template/lib/gslab_make/docs/_static/fonts/Inconsolata 2.ttf | 2023-10-24 09:06:22 | 63184
/Users/betty/Desktop/template/lib/gslab_make/sphinx/build/doctrees/pages/repository.doctree | 2023-10-24 09:06:22 | 25020
/Users/betty/Desktop/template/lib/gslab_make/docs/_sources/pages/api/move_sources/gslab_make.move_sources.link_externals.rst.txt | 2023-10-24 09:06:22 | 108
/Users/betty/Desktop/template/lib/gslab_make/test/raw/run_program/r_script space.R | 2023-10-24 09:06:22 | 100
/Users/betty/Desktop/template/lib/gslab_make/docs/_sources/pages/api/make_utility/gslab_make.make_utility.update_internal_paths.rst.txt | 2023-10-24 09:06:22 | 129
/Users/betty/Desktop/template/lib/gslab_make/sphinx/source/pages/api/make_utility/gslab_make.make_utility.update_internal_paths.rst | 2023-10-24 09:06:22 | 129
/Users/betty/Desktop/template/lib/gslab_make/docs/pages/utility.html | 2023-10-24 09:06:22 | 12008
/Users/betty/Desktop/template/lib/gslab_make/test/raw/run_program/lyx_file space.lyx | 2023-10-24 09:06:22 | 1608
/Users/betty/Desktop/template/lib/gslab_make/sphinx/build/html/_sources/pages/api/check_repo/gslab_make.check_repo.get_modified_sources.rst.txt | 2023-10-24 09:06:22 | 124
/Users/betty/Desktop/template/lib/gslab_make/sphinx/build/html/pages/api/make_utility/gslab_make.make_utility.copy_output.html | 2023-10-24 09:06:22 | 6778
/Users/betty/Desktop/template/lib/gslab_make/sphinx/source/pages/api/make_utility/gslab_make.make_utility.update_executables.rst | 2023-10-24 09:06:22 | 120
/Users/betty/Desktop/template/lib/gslab_make/build/lib/gslab_make/__init__.py | 2023-10-24 09:06:22 | 2696
/Users/betty/Desktop/template/lib/gslab_make/docs/_static/fonts/RobotoSlab/roboto-slab-v7-regular 2.woff2 | 2023-10-24 09:06:22 | 66444
/Users/betty/Desktop/template/lib/gslab_make/sphinx/build/doctrees/pages/api/check_repo/gslab_make.check_repo.check_module_size.doctree | 2023-10-24 09:06:22 | 10689
/Users/betty/Desktop/template/lib/gslab_make/docs/_sources/pages/sourcing.rst.txt | 2023-10-24 09:06:22 | 548
/Users/betty/Desktop/template/lib/gslab_make/test/test_makelog.py | 2023-10-24 09:06:22 | 2308
/Users/betty/Desktop/template/lib/gslab_make/sphinx/build/html/pages/api/run_program/gslab_make.run_program.run_matlab.html | 2023-10-24 09:06:22 | 11413
/Users/betty/Desktop/template/lib/gslab_make/docs/_static/jquery.js | 2023-10-24 09:06:22 | 89501
/Users/betty/Desktop/template/lib/gslab_make/test/raw/run_program/perl_script_arg.pl | 2023-10-24 09:06:22 | 206
/Users/betty/Desktop/template/lib/gslab_make/sphinx/build/doctrees/pages/api/modify_dir/gslab_make.modify_dir.remove_dir.doctree | 2023-10-24 09:06:22 | 10625
/Users/betty/Desktop/template/lib/gslab_make/sphinx/build/doctrees/pages/general_logging 2.doctree | 2023-10-24 09:06:22 | 35515
/Users/betty/Desktop/template/lib/gslab_make/sphinx/build/html/_static/sphinx_highlight.js | 2023-10-24 09:06:22 | 4712
/Users/betty/Desktop/template/lib/gslab_make/sphinx/build/doctrees/pages/filling 2.doctree | 2023-10-24 09:06:22 | 28798
/Users/betty/Desktop/template/lib/gslab_make/sphinx/build/html/_sources/pages/api/check_repo/gslab_make.check_repo.check_conda_status.rst.txt | 2023-10-24 09:06:22 | 118
/Users/betty/Desktop/template/lib/gslab_make/docs/_static/css/fonts/lato-bold.woff | 2023-10-24 09:06:22 | 309728
/Users/betty/Desktop/template/lib/gslab_make/docs/_static/minus 2.png | 2023-10-24 09:06:22 | 90
/Users/betty/Desktop/template/lib/gslab_make/gslab_make/__pycache__/write_logs.cpython-312.pyc | 2023-10-24 09:14:16 | 12619
/Users/betty/Desktop/template/lib/gslab_make/sphinx/build/doctrees/pages/utility 2.doctree | 2023-10-24 09:06:22 | 28361
/Users/betty/Desktop/template/lib/gslab_make/test/raw/run_program/python_script_arg.py | 2023-10-24 09:06:22 | 180
/Users/betty/Desktop/template/lib/gslab_make/docs/_static/fonts/RobotoSlab/roboto-slab-v7-regular.woff2 | 2023-10-24 09:06:22 | 66444
/Users/betty/Desktop/template/lib/gslab_make/sphinx/source/pages/api/run_program/gslab_make.run_program.execute_command.rst | 2023-10-24 09:06:22 | 110
/Users/betty/Desktop/template/lib/gslab_make/sphinx/build/html/_static/basic.css | 2023-10-24 09:06:22 | 14621
/Users/betty/Desktop/template/lib/gslab_make/test/raw/config/config_user.yaml | 2023-10-24 09:06:22 | 236
/Users/betty/Desktop/template/lib/gslab_make/sphinx/build/html/pages/api/run_program/gslab_make.run_program.run_python.html | 2023-10-24 09:06:22 | 11407
/Users/betty/Desktop/template/lib/gslab_make/docs/_static/file.png | 2023-10-24 09:06:22 | 286
/Users/betty/Desktop/template/lib/gslab_make/sphinx/source/pages/api/run_program/gslab_make.run_program.run_sas.rst | 2023-10-24 09:06:22 | 86
/Users/betty/Desktop/template/lib/gslab_make/test/raw/log_sources/move_recursion.txt | 2023-10-24 09:06:22 | 34
/Users/betty/Desktop/template/lib/gslab_make/docs/pages/api/make_utility/gslab_make.make_utility.update_external_paths.html | 2023-10-24 09:06:22 | 7622
/Users/betty/Desktop/template/lib/gslab_make/test/raw/run_program/wrong_extension.txt | 2023-10-24 09:06:22 | 0
/Users/betty/Desktop/template/lib/gslab_make/sphinx/build/html/pages/dummy 2.html | 2023-10-24 09:06:22 | 18205
/Users/betty/Desktop/template/lib/gslab_make/gslab_make/write_source_logs.py | 2023-10-24 09:06:22 | 4866
/Users/betty/Desktop/template/lib/gslab_make/sphinx/build/html/pages/api/make_utility/gslab_make.make_utility.update_external_paths.html | 2023-10-24 09:06:22 | 7622
/Users/betty/Desktop/template/lib/gslab_make/setup.cfg | 2023-10-24 09:06:22 | 416
/Users/betty/Desktop/template/lib/gslab_make/test/raw/log_sources/move.txt | 2023-10-24 09:06:22 | 53
/Users/betty/Desktop/template/lib/gslab_make/test/test_python.py | 2023-10-24 09:06:22 | 7064
/Users/betty/Desktop/template/lib/gslab_make/docs/_static/fonts/fontawesome-webfont.woff | 2023-10-24 09:06:22 | 98024
/Users/betty/Desktop/template/lib/gslab_make/sphinx/build/html/pages/api/write_logs/gslab_make.write_logs.start_makelog.html | 2023-10-24 09:06:22 | 7076
/Users/betty/Desktop/template/lib/gslab_make/docs/pages/specifying_paths.html | 2023-10-24 09:06:22 | 11828
/Users/betty/Desktop/template/lib/gslab_make/docs/_static/fonts/RobotoSlab/roboto-slab-v7-bold 2.ttf | 2023-10-24 09:06:22 | 170616
/Users/betty/Desktop/template/lib/gslab_make/sphinx/build/html/_static/minus.png | 2023-10-24 09:06:22 | 90
/Users/betty/Desktop/template/lib/gslab_make/gslab_make/private/__pycache__/exceptionclasses.cpython-312.pyc | 2023-10-24 09:14:16 | 1908
/Users/betty/Desktop/template/lib/gslab_make/docs/pages/sourcing 2.html | 2023-10-24 09:06:22 | 31670
/Users/betty/Desktop/template/lib/gslab_make/test/utility.py | 2023-10-24 09:06:22 | 1404
/Users/betty/Desktop/template/lib/gslab_make/docs/pages/api/move_sources/gslab_make.move_sources.copy_externals.html | 2023-10-24 09:06:22 | 12303
/Users/betty/Desktop/template/lib/gslab_make/docs/_static/css/fonts/fontawesome-webfont.eot | 2023-10-24 09:06:22 | 165742
/Users/betty/Desktop/template/lib/gslab_make/sphinx/build/html/_static/fonts/RobotoSlab/roboto-slab-v7-regular.ttf | 2023-10-24 09:06:22 | 169064
/Users/betty/Desktop/template/lib/gslab_make/sphinx/build/html/_sources/pages/api/modify_dir/gslab_make.modify_dir.zip_dir.rst.txt | 2023-10-24 09:06:22 | 85
/Users/betty/Desktop/template/lib/gslab_make/docs/_sources/pages/api/run_program/gslab_make.run_program.run_lyx.rst.txt | 2023-10-24 09:06:22 | 86
/Users/betty/Desktop/template/lib/gslab_make/gslab_make/private/messages.py | 2023-10-24 09:06:22 | 5991
/Users/betty/Desktop/template/lib/gslab_make/sphinx/build/html/_static/fonts/RobotoSlab-Bold.ttf | 2023-10-24 09:06:22 | 170616
/Users/betty/Desktop/template/lib/gslab_make/sphinx/build/doctrees/pages/api/run_program/gslab_make.run_program.run_mathematica.doctree | 2023-10-24 09:06:22 | 18528
/Users/betty/Desktop/template/lib/gslab_make/docs/pages/api/move_sources/gslab_make.move_sources.link_inputs.html | 2023-10-24 09:06:22 | 12489
/Users/betty/Desktop/template/lib/gslab_make/docs/_static/fonts/Lato/lato-italic.woff | 2023-10-24 09:06:22 | 328412
/Users/betty/Desktop/template/lib/gslab_make/sphinx/build/doctrees/pages/api/run_program/gslab_make.run_program.run_sas.doctree | 2023-10-24 09:06:22 | 20509
/Users/betty/Desktop/template/lib/gslab_make/docs/pages/api/run_program/gslab_make.run_program.run_stat_transfer.html | 2023-10-24 09:06:22 | 11549
/Users/betty/Desktop/template/lib/gslab_make/build/lib/test/EXCLUDE_test_lyx.py | 2023-10-24 09:06:22 | 9277
/Users/betty/Desktop/template/lib/gslab_make/build/lib/gslab_make/private/__init__.py | 2023-10-24 09:06:22 | 0
/Users/betty/Desktop/template/lib/gslab_make/docs/_sources/pages/api/make_utility/gslab_make.make_utility.copy_output.rst.txt | 2023-10-24 09:06:22 | 99
/Users/betty/Desktop/template/lib/gslab_make/sphinx/build/html/_static/file.png | 2023-10-24 09:06:22 | 286
/Users/betty/Desktop/template/lib/gslab_make/docs/pages/api/write_logs/gslab_make.write_logs.end_makelog.html | 2023-10-24 09:06:22 | 6910
/Users/betty/Desktop/template/lib/gslab_make/build/lib/gslab_make/private/messages.py | 2023-10-24 09:06:22 | 5991
/Users/betty/Desktop/template/lib/gslab_make/docs/_static/fonts/Inconsolata-Regular.ttf | 2023-10-24 09:06:22 | 96964
/Users/betty/Desktop/template/lib/gslab_make/sphinx/build/doctrees/pages/api/make_utility/gslab_make.make_utility.update_external_paths.doctree | 2023-10-24 09:06:22 | 9851
/Users/betty/Desktop/template/lib/gslab_make/sphinx/build/html/_sources/pages/specifying_paths.rst.txt | 2023-10-24 09:06:22 | 2616
/Users/betty/Desktop/template/lib/gslab_make/gslab_make/__pycache__/__init__.cpython-39.pyc | 2023-10-24 09:06:56 | 1698
/Users/betty/Desktop/template/lib/gslab_make/sphinx/build/html/_sources/pages/api/run_program/gslab_make.run_program.run_python.rst.txt | 2023-10-24 09:06:22 | 95
/Users/betty/Desktop/template/lib/gslab_make/sphinx/source/pages/api/run_program/gslab_make.run_program.run_mathematica.rst | 2023-10-24 09:06:22 | 110
/Users/betty/Desktop/template/lib/gslab_make/sphinx/build/doctrees/pages/api/make_utility/gslab_make.make_utility.copy_output.doctree | 2023-10-24 09:06:22 | 7228
/Users/betty/Desktop/template/lib/gslab_make/docs/_static/_sphinx_javascript_frameworks_compat.js | 2023-10-24 09:06:22 | 4418
/Users/betty/Desktop/template/lib/gslab_make/docs/_static/css/fonts/lato-bold-italic.woff | 2023-10-24 09:06:22 | 323344
/Users/betty/Desktop/template/lib/gslab_make/docs/search 2.html | 2023-10-24 09:06:22 | 4679
/Users/betty/Desktop/template/lib/gslab_make/gslab_make/private/__pycache__/messages.cpython-312.pyc | 2023-10-24 09:14:16 | 5891
/Users/betty/Desktop/template/lib/gslab_make/build/lib/test/test_make_utility.py | 2023-10-24 09:06:22 | 4552
/Users/betty/Desktop/template/lib/gslab_make/sphinx/build/doctrees/pages/api/modify_dir/gslab_make.modify_dir.clear_dir.doctree | 2023-10-24 09:06:22 | 9379
/Users/betty/Desktop/template/lib/gslab_make/docs/pages/api/check_repo/gslab_make.check_repo.check_module_size.html | 2023-10-24 09:06:22 | 8460
/Users/betty/Desktop/template/lib/gslab_make/sphinx/build/html/_static/graphviz.css | 2023-10-24 09:06:22 | 299
/Users/betty/Desktop/template/lib/gslab_make/sphinx/build/html/_static/language_data.js | 2023-10-24 09:06:22 | 4758
/Users/betty/Desktop/template/lib/gslab_make/docs/_static/minus.png | 2023-10-24 09:06:22 | 90
/Users/betty/Desktop/template/lib/gslab_make/docs/_static/fonts/RobotoSlab-Regular 2.ttf | 2023-10-24 09:06:22 | 169064
/Users/betty/Desktop/template/lib/gslab_make/sphinx/build/html/pages/general_logging.html | 2023-10-24 09:06:22 | 14709
/Users/betty/Desktop/template/lib/gslab_make/docs/_sources/pages/utility.rst.txt | 2023-10-24 09:06:22 | 327
/Users/betty/Desktop/template/lib/gslab_make/docs/_sources/pages/filling.rst.txt | 2023-10-24 09:06:22 | 253
/Users/betty/Desktop/template/lib/gslab_make/sphinx/build/html/_sources/pages/api/write_logs/gslab_make.write_logs.write_to_makelog.rst.txt | 2023-10-24 09:06:22 | 112
/Users/betty/Desktop/template/lib/gslab_make/sphinx/build/html/_sources/pages/utility 2.rst.txt | 2023-10-24 09:06:22 | 327
/Users/betty/Desktop/template/lib/gslab_make/sphinx/build/html/_static/js/html5shiv-printshiv.min.js | 2023-10-24 09:06:22 | 4370
/Users/betty/Desktop/template/lib/gslab_make/docs/_sources/pages/repository.rst.txt | 2023-10-24 09:06:22 | 363
/Users/betty/Desktop/template/lib/gslab_make/docs/_static/language_data.js | 2023-10-24 09:06:22 | 4758
/Users/betty/Desktop/template/lib/gslab_make/sphinx/build/html/pages/api/run_program/gslab_make.run_program.execute_command.html | 2023-10-24 09:06:22 | 11312
/Users/betty/Desktop/template/lib/gslab_make/test/EXCLUDE_test_perl.py | 2023-10-24 09:06:22 | 8121
/Users/betty/Desktop/template/lib/gslab_make/test/raw/tablefill/tablefill_template.lyx | 2023-10-24 09:06:22 | 4256
/Users/betty/Desktop/template/lib/gslab_make/docs/_sources/pages/api/write_logs/gslab_make.write_logs.start_makelog.rst.txt | 2023-10-24 09:06:22 | 103
/Users/betty/Desktop/template/lib/gslab_make/sphinx/build/html/_sources/pages/general_logging 2.rst.txt | 2023-10-24 09:06:22 | 655
/Users/betty/Desktop/template/lib/gslab_make/sphinx/build/html/_static/fonts/RobotoSlab/roboto-slab-v7-bold.woff | 2023-10-24 09:06:22 | 87624
/Users/betty/Desktop/template/lib/gslab_make/sphinx/build/doctrees/pages/api/modify_dir/gslab_make.modify_dir.unzip.doctree | 2023-10-24 09:06:22 | 7173
/Users/betty/Desktop/template/lib/gslab_make/gslab_make/private/metadata.py | 2023-10-24 09:06:22 | 4133
/Users/betty/Desktop/template/lib/gslab_make/docs/pages/api/make_utility/gslab_make.make_utility.update_executables.html | 2023-10-24 09:06:22 | 7481
/Users/betty/Desktop/template/lib/gslab_make/test/raw/tablefill/tablefill_template_missing_input.lyx | 2023-10-24 09:06:22 | 4264
/Users/betty/Desktop/template/lib/gslab_make/docs/pages/api/run_program/gslab_make.run_program.run_r.html | 2023-10-24 09:06:22 | 11326
/Users/betty/Desktop/template/lib/gslab_make/sphinx/build/html/_sources/pages/directory 2.rst.txt | 2023-10-24 09:06:22 | 344
/Users/betty/Desktop/template/lib/gslab_make/sphinx/build/html/_static/fonts/RobotoSlab/roboto-slab-v7-bold.ttf | 2023-10-24 09:06:22 | 170616
/Users/betty/Desktop/template/lib/gslab_make/sphinx/build/html/_static/css/fonts/lato-normal-italic.woff2 | 2023-10-24 09:06:22 | 195704
/Users/betty/Desktop/template/lib/gslab_make/docs/_sources/pages/api/run_program/gslab_make.run_program.run_stat_transfer.rst.txt | 2023-10-24 09:06:22 | 116
/Users/betty/Desktop/template/lib/gslab_make/test/raw/run_program/lyx_file_comments.lyx | 2023-10-24 09:06:22 | 1694
/Users/betty/Desktop/template/lib/gslab_make/sphinx/build/html/_sources/pages/api/run_program/gslab_make.run_program.run_matlab.rst.txt | 2023-10-24 09:06:22 | 95
/Users/betty/Desktop/template/lib/gslab_make/docs/pages/api/modify_dir/gslab_make.modify_dir.zip_dir.html | 2023-10-24 09:06:22 | 6668
/Users/betty/Desktop/template/lib/gslab_make/test/raw/move_sources/file space.txt | 2023-10-24 09:06:22 | 0
/Users/betty/Desktop/template/lib/gslab_make/sphinx/build/html/_static/fonts/Lato/lato-italic.woff2 | 2023-10-24 09:06:22 | 195704
/Users/betty/Desktop/template/lib/gslab_make/sphinx/Makefile | 2023-10-24 09:06:22 | 683
/Users/betty/Desktop/template/lib/gslab_make/docs/_static/css/fonts/Roboto-Slab-Bold.woff | 2023-10-24 09:06:22 | 87624
/Users/betty/Desktop/template/lib/gslab_make/sphinx/build/html/pages/api/move_sources/gslab_make.move_sources.copy_inputs.html | 2023-10-24 09:06:22 | 12310
/Users/betty/Desktop/template/lib/gslab_make/docs/_static/fonts/Inconsolata-Bold.ttf | 2023-10-24 09:06:22 | 109948
/Users/betty/Desktop/template/lib/gslab_make/sphinx/source/pages/source_logging.rst | 2023-10-24 09:06:22 | 380
/Users/betty/Desktop/template/lib/gslab_make/docs/_static/js/modernizr.min.js | 2023-10-24 09:06:22 | 15414
/Users/betty/Desktop/template/lib/gslab_make/sphinx/build/html/_static/fonts/Lato/lato-bold.woff2 | 2023-10-24 09:06:22 | 184912
/Users/betty/Desktop/template/lib/gslab_make/test/raw/tablefill/tablefill_duplicated.txt | 2023-10-24 09:06:22 | 66
/Users/betty/Desktop/template/lib/gslab_make/sphinx/build/html/_static/js/html5shiv.min.js | 2023-10-24 09:06:22 | 2734
/Users/betty/Desktop/template/lib/gslab_make/build/lib/gslab_make/write_logs.py | 2023-10-24 09:06:22 | 10665
/Users/betty/Desktop/template/lib/gslab_make/docs/objects 2.inv | 2023-10-24 09:06:22 | 1891
/Users/betty/Desktop/template/lib/gslab_make/test/raw/run_program/stata_script space.do | 2023-10-24 09:06:22 | 108
/Users/betty/Desktop/template/lib/gslab_make/sphinx/build/html/_sources/pages/api/run_program/gslab_make.run_program.run_sas.rst.txt | 2023-10-24 09:06:22 | 86
/Users/betty/Desktop/template/lib/gslab_make/docs/_static/fonts/Lato/lato-regular.eot | 2023-10-24 09:06:22 | 253461
/Users/betty/Desktop/template/lib/gslab_make/gslab_make/private/__pycache__/metadata.cpython-312.pyc | 2023-10-24 09:14:16 | 2436
/Users/betty/Desktop/template/lib/gslab_make/test/raw/tablefill/tablefill_template.tex | 2023-10-24 09:06:22 | 942
/Users/betty/Desktop/template/lib/gslab_make/sphinx/build/html/_static/jquery-3.6.0.js | 2023-10-24 09:06:22 | 288580
/Users/betty/Desktop/template/lib/gslab_make/sphinx/build/html/_static/css/fonts/lato-normal.woff | 2023-10-24 09:06:22 | 309192
/Users/betty/Desktop/template/lib/gslab_make/docs/pages/api/run_program/gslab_make.run_program.run_module.html | 2023-10-24 09:06:22 | 10437
/Users/betty/Desktop/template/lib/gslab_make/docs/genindex.html | 2023-10-24 09:06:22 | 13095
/Users/betty/Desktop/template/lib/gslab_make/sphinx/build/html/pages/api/modify_dir/gslab_make.modify_dir.remove_dir.html | 2023-10-24 09:06:22 | 8068
/Users/betty/Desktop/template/lib/gslab_make/sphinx/build/html/pages/api/check_repo/gslab_make.check_repo.check_conda_status.html | 2023-10-24 09:06:22 | 7229
/Users/betty/Desktop/template/lib/gslab_make/sphinx/source/pages/api/tablefill/gslab_make.tablefill.tablefill.rst | 2023-10-24 09:06:22 | 90
/Users/betty/Desktop/template/lib/gslab_make/sphinx/build/html/_static/pygments.css | 2023-10-24 09:06:22 | 4819
/Users/betty/Desktop/template/lib/gslab_make/sphinx/build/html/_static/css/fonts/lato-normal-italic.woff | 2023-10-24 09:06:22 | 328412
/Users/betty/Desktop/template/lib/gslab_make/docs/_static/underscore-1.12.0.js | 2023-10-24 09:06:22 | 67692
/Users/betty/Desktop/template/lib/gslab_make/docs/pages/dummy 2.html | 2023-10-24 09:06:22 | 18205
/Users/betty/Desktop/template/lib/gslab_make/test/raw/move_sources/move_bad_key.txt | 2023-10-24 09:06:22 | 48
/Users/betty/Desktop/template/lib/gslab_make/docs/_static/css/fonts/Roboto-Slab-Regular.woff | 2023-10-24 09:06:22 | 86288
/Users/betty/Desktop/template/lib/gslab_make/test/raw/move_sources/move space.txt | 2023-10-24 09:06:22 | 76
/Users/betty/Desktop/template/lib/gslab_make/build/lib/test/test_modify_dir.py | 2023-10-24 09:06:22 | 7852
/Users/betty/Desktop/template/lib/gslab_make/sphinx/build/doctrees/pages/utility.doctree | 2023-10-24 09:06:22 | 28357
/Users/betty/Desktop/template/lib/gslab_make/sphinx/build/html/pages/api/move_sources/gslab_make.move_sources.link_inputs.html | 2023-10-24 09:06:22 | 12489
/Users/betty/Desktop/template/lib/gslab_make/docs/pages/api/modify_dir/gslab_make.modify_dir.clear_dir.html | 2023-10-24 09:06:22 | 7869
/Users/betty/Desktop/template/lib/gslab_make/sphinx/build/html/_static/underscore-1.13.1.js | 2023-10-24 09:06:22 | 68420
/Users/betty/Desktop/template/lib/gslab_make/sphinx/build/html/pages/api/run_program/gslab_make.run_program.run_jupyter.html | 2023-10-24 09:06:22 | 10916
/Users/betty/Desktop/template/lib/gslab_make/sphinx/source/conf.py | 2023-10-24 09:06:22 | 1537
/Users/betty/Desktop/template/lib/gslab_make/sphinx/build/html/_sources/pages/api/modify_dir/gslab_make.modify_dir.remove_dir.rst.txt | 2023-10-24 09:06:22 | 94
/Users/betty/Desktop/template/lib/gslab_make/sphinx/build/html/_sources/pages/source_logging 2.rst.txt | 2023-10-24 09:06:22 | 380
/Users/betty/Desktop/template/lib/gslab_make/docs/_static/graphviz 2.css | 2023-10-24 09:06:22 | 299
/Users/betty/Desktop/template/lib/gslab_make/docs/_static/fonts/RobotoSlab-Bold 2.ttf | 2023-10-24 09:06:22 | 170616
/Users/betty/Desktop/template/lib/gslab_make/sphinx/build/doctrees/pages/source_logging.doctree | 2023-10-24 09:06:22 | 20524
/Users/betty/Desktop/template/lib/gslab_make/sphinx/build/html/_static/fonts/Lato-Regular.ttf | 2023-10-24 09:06:22 | 656568
/Users/betty/Desktop/template/lib/gslab_make/docs/_static/doctools 2.js | 2023-10-24 09:06:22 | 8171
/Users/betty/Desktop/template/lib/gslab_make/docs/_static/fonts/fontawesome-webfont 2.ttf | 2023-10-24 09:06:22 | 165548
/Users/betty/Desktop/template/lib/gslab_make/sphinx/source/pages/specifying_paths.rst | 2023-10-24 09:06:22 | 2616
/Users/betty/Desktop/template/lib/gslab_make/docs/pages/program.html | 2023-10-24 09:06:22 | 61975
/Users/betty/Desktop/template/lib/gslab_make/test/test_tablefill.py | 2023-10-24 09:06:22 | 4244
/Users/betty/Desktop/template/lib/gslab_make/sphinx/source/pages/utility 2.rst | 2023-10-24 09:06:22 | 327
/Users/betty/Desktop/template/lib/gslab_make/sphinx/build/doctrees/pages/directory 2.doctree | 2023-10-24 09:06:22 | 27257
/Users/betty/Desktop/template/lib/gslab_make/sphinx/build/html/_static/_sphinx_javascript_frameworks_compat.js | 2023-10-24 09:06:22 | 4418
/Users/betty/Desktop/template/lib/gslab_make/gslab_make/make_utility.py | 2023-10-24 09:06:22 | 5785
/Users/betty/Desktop/template/lib/gslab_make/sphinx/build/html/_static/fonts/Lato/lato-bold.woff | 2023-10-24 09:06:22 | 309728
/Users/betty/Desktop/template/lib/gslab_make/docs/pages/api/check_repo/gslab_make.check_repo.check_conda_status.html | 2023-10-24 09:06:22 | 7229
/Users/betty/Desktop/template/lib/gslab_make/test/raw/run_program/perl_script_error.pl | 2023-10-24 09:06:22 | 5
/Users/betty/Desktop/template/lib/gslab_make/docs/_static/jquery-3.6.0 2.js | 2023-10-24 09:06:22 | 288580
/Users/betty/Desktop/template/lib/gslab_make/sphinx/build/html/_sources/pages/sourcing.rst.txt | 2023-10-24 09:06:22 | 548
/Users/betty/Desktop/template/lib/gslab_make/test/README.md | 2023-10-24 09:06:22 | 830
/Users/betty/Desktop/template/lib/gslab_make/docs/_static/css/badge_only.css | 2023-10-24 09:06:22 | 3229
/Users/betty/Desktop/template/lib/__init__.py | 2023-10-24 09:03:50 | 0
/Users/betty/Desktop/template/lib/gslab_make/docs/_static/fonts/RobotoSlab/roboto-slab-v7-bold.woff2 | 2023-10-24 09:06:22 | 67312
/Users/betty/Desktop/template/lib/gslab_make/docs/_sources/pages/api/run_program/gslab_make.run_program.run_stata.rst.txt | 2023-10-24 09:06:22 | 92
/Users/betty/Desktop/template/lib/gslab_make/docs/_sources/pages/api/run_program/gslab_make.run_program.run_python.rst.txt | 2023-10-24 09:06:22 | 95
/Users/betty/Desktop/template/lib/gslab_make/sphinx/source/pages/api/write_logs/gslab_make.write_logs.write_to_makelog.rst | 2023-10-24 09:06:22 | 112
/Users/betty/Desktop/template/lib/gslab_make/test/raw/log_outputs/dir_depth/dir_depth/depth_2.txt | 2023-10-24 09:06:22 | 20
/Users/betty/Desktop/template/lib/gslab_make/docs/_static/fonts/Lato/lato-italic.eot | 2023-10-24 09:06:22 | 268604
/Users/betty/Desktop/template/lib/gslab_make/sphinx/build/html/_static/fonts/fontawesome-webfont.woff | 2023-10-24 09:06:22 | 98024
/Users/betty/Desktop/template/lib/gslab_make/LICENSE.txt | 2023-10-24 09:06:22 | 1083
/Users/betty/Desktop/template/lib/gslab_make/test/raw/log_sources/dir/file.txt | 2023-10-24 09:06:22 | 20
/Users/betty/Desktop/template/lib/gslab_make/sphinx/build/html/_sources/pages/api/run_program/gslab_make.run_program.run_perl.rst.txt | 2023-10-24 09:06:22 | 89
/Users/betty/Desktop/template/lib/gslab_make/docs/_static/css/theme.css | 2023-10-24 09:06:22 | 131657
/Users/betty/Desktop/template/lib/gslab_make/gslab_make/__pycache__/check_repo.cpython-312.pyc | 2023-10-24 09:14:14 | 18634
/Users/betty/Desktop/template/lib/gslab_make/sphinx/build/html/_static/css/fonts/Roboto-Slab-Bold.woff2 | 2023-10-24 09:06:22 | 67312
/Users/betty/Desktop/template/lib/gslab_make/sphinx/source/pages/directory 2.rst | 2023-10-24 09:06:22 | 344
/Users/betty/Desktop/template/lib/gslab_make/docs/_static/css/fonts/lato-normal.woff | 2023-10-24 09:06:22 | 309192
/Users/betty/Desktop/template/lib/gslab_make/docs/_static/underscore-1.3.1 2.js | 2023-10-24 09:06:22 | 35168
/Users/betty/Desktop/template/lib/gslab_make/test/raw/run_program/python_script.py | 2023-10-24 09:06:22 | 169
/Users/betty/Desktop/template/lib/gslab_make/gslab_make/move_sources.py | 2023-10-24 09:06:22 | 19397
/Users/betty/Desktop/template/lib/gslab_make/docs/_static/fonts/Lato/lato-bold.eot | 2023-10-24 09:06:22 | 256056
/Users/betty/Desktop/template/lib/gslab_make/sphinx/build/doctrees/pages/api/run_program/gslab_make.run_program.run_lyx.doctree | 2023-10-24 09:06:22 | 22160
/Users/betty/Desktop/template/lib/gslab_make/build/lib/test/test_move_sources.py | 2023-10-24 09:06:22 | 7274
/Users/betty/Desktop/template/lib/gslab_make/sphinx/build/html/_static/css/fonts/lato-bold-italic.woff2 | 2023-10-24 09:06:22 | 193308
/Users/betty/Desktop/template/lib/gslab_make/docs/_static/fonts/Lato/lato-bold.ttf | 2023-10-24 09:06:22 | 600856
/Users/betty/Desktop/template/lib/gslab_make/sphinx/build/html/pages/api/run_program/gslab_make.run_program.run_sas.html | 2023-10-24 09:06:22 | 11821
/Users/betty/Desktop/template/lib/gslab_make/docs/pages/api/run_program/gslab_make.run_program.run_sas.html | 2023-10-24 09:06:22 | 11821
/Users/betty/Desktop/template/lib/gslab_make/sphinx/build/doctrees/pages/api/make_utility/gslab_make.make_utility.update_internal_paths.doctree | 2023-10-24 09:06:22 | 8736
/Users/betty/Desktop/template/lib/gslab_make/sphinx/build/html/pages/api/check_repo/gslab_make.check_repo.get_modified_sources.html | 2023-10-24 09:06:22 | 8805
/Users/betty/Desktop/template/lib/gslab_make/gslab_make/private/movedirective.py | 2023-10-24 09:06:22 | 12767
/Users/betty/Desktop/template/lib/gslab_make/docs/_static/css/fonts/Roboto-Slab-Bold.woff2 | 2023-10-24 09:06:22 | 67312
/Users/betty/Desktop/template/lib/gslab_make/sphinx/build/html/pages/utility.html | 2023-10-24 09:06:22 | 12008
/Users/betty/Desktop/template/lib/gslab_make/sphinx/build/html/_sources/pages/utility.rst.txt | 2023-10-24 09:06:22 | 327
/Users/betty/Desktop/template/lib/gslab_make/sphinx/build/html/_static/fonts/Inconsolata-Bold.ttf | 2023-10-24 09:06:22 | 109948
/Users/betty/Desktop/template/lib/gslab_make/sphinx/build/html/pages/api/write_source_logs/gslab_make.write_source_logs.write_source_logs.html | 2023-10-24 09:06:22 | 10459
/Users/betty/Desktop/template/lib/gslab_make/docs/_static/fonts/Lato/lato-italic.woff2 | 2023-10-24 09:06:22 | 195704
/Users/betty/Desktop/template/lib/gslab_make/test/raw/log_sources/move_depth.txt | 2023-10-24 09:06:22 | 65
/Users/betty/Desktop/template/lib/gslab_make/sphinx/build/html/_sources/pages/api/make_utility/gslab_make.make_utility.copy_output.rst.txt | 2023-10-24 09:06:22 | 99
/Users/betty/Desktop/template/lib/gslab_make/sphinx/build/doctrees/pages/api/make_utility/gslab_make.make_utility.update_executables.doctree | 2023-10-24 09:06:22 | 9857
/Users/betty/Desktop/template/lib/gslab_make/sphinx/build/html/pages/sourcing.html | 2023-10-24 09:06:22 | 33056
/Users/betty/Desktop/template/lib/gslab_make/build/lib/test/test_makelog.py | 2023-10-24 09:06:22 | 2308
/Users/betty/Desktop/template/lib/gslab_make/sphinx/build/html/_sources/pages/api/run_program/gslab_make.run_program.run_jupyter.rst.txt | 2023-10-24 09:06:22 | 98
/Users/betty/Desktop/template/lib/gslab_make/test/raw/move_sources/move_dir.txt | 2023-10-24 09:06:22 | 54
/Users/betty/Desktop/template/lib/gslab_make/docs/_static/js/theme.js | 2023-10-24 09:06:22 | 5023
/Users/betty/Desktop/template/lib/gslab_make/sphinx/build/html/_static/css/fonts/fontawesome-webfont.svg | 2023-10-24 09:06:22 | 444379
/Users/betty/Desktop/template/lib/gslab_make/sphinx/build/doctrees/pages/api/move_sources/gslab_make.move_sources.copy_externals.doctree | 2023-10-24 09:06:22 | 21024
/Users/betty/Desktop/template/lib/gslab_make/sphinx/source/pages/api/write_logs/gslab_make.write_logs.log_files_in_output.rst | 2023-10-24 09:06:22 | 121
/Users/betty/Desktop/template/lib/gslab_make/sphinx/build/html/pages/api/run_program/gslab_make.run_program.run_latex.html | 2023-10-24 09:06:22 | 11862
/Users/betty/Desktop/template/lib/gslab_make/test/raw/run_program/matlab_script_error.m | 2023-10-24 09:06:22 | 5
/Users/betty/Desktop/template/lib/gslab_make/build/lib/test/utility.py | 2023-10-24 09:06:22 | 1404
/Users/betty/Desktop/template/lib/gslab_make/sphinx/build/html/pages/api/tablefill/gslab_make.tablefill.tablefill.html | 2023-10-24 09:06:22 | 16380
/Users/betty/Desktop/template/lib/gslab_make/docs/_static/_sphinx_javascript_frameworks_compat 2.js | 2023-10-24 09:06:22 | 4418
/Users/betty/Desktop/template/lib/gslab_make/sphinx/build/html/pages/filling.html | 2023-10-24 09:06:22 | 16737
/Users/betty/Desktop/template/lib/gslab_make/sphinx/build/html/pages/api/make_utility/gslab_make.make_utility.update_internal_paths.html | 2023-10-24 09:06:22 | 7175
/Users/betty/Desktop/template/lib/gslab_make/gslab_make/__pycache__/make_utility.cpython-312.pyc | 2023-10-24 09:14:22 | 7033
/Users/betty/Desktop/template/lib/gslab_make/sphinx/build/html/_static/fonts/Inconsolata-Regular.ttf | 2023-10-24 09:06:22 | 96964
/Users/betty/Desktop/template/lib/gslab_make/sphinx/build/doctrees/pages/api/modify_dir/gslab_make.modify_dir.zip_dir.doctree | 2023-10-24 09:06:22 | 7138
/Users/betty/Desktop/template/lib/gslab_make/sphinx/build/html/pages/api/write_logs/gslab_make.write_logs.write_to_makelog.html | 2023-10-24 09:06:22 | 6964
/Users/betty/Desktop/template/lib/gslab_make/docs/_sources/pages/api/make_utility/gslab_make.make_utility.update_external_paths.rst.txt | 2023-10-24 09:06:22 | 129
/Users/betty/Desktop/template/lib/gslab_make/sphinx/source/pages/repository.rst | 2023-10-24 09:06:22 | 363
/Users/betty/Desktop/template/lib/gslab_make/docs/_sources/pages/api/modify_dir/gslab_make.modify_dir.zip_dir.rst.txt | 2023-10-24 09:06:22 | 85
/Users/betty/Desktop/template/lib/gslab_make/build/lib/gslab_make/run_program.py | 2023-10-24 09:06:22 | 42191
/Users/betty/Desktop/template/lib/gslab_make/sphinx/build/html/pages/filling 2.html | 2023-10-24 09:06:22 | 15857
/Users/betty/Desktop/template/lib/gslab_make/docs/_sources/pages/api/run_program/gslab_make.run_program.run_r.rst.txt | 2023-10-24 09:06:22 | 80
/Users/betty/Desktop/template/lib/gslab_make/sphinx/build/doctrees/pages/api/run_program/gslab_make.run_program.run_r.doctree | 2023-10-24 09:06:22 | 18348
/Users/betty/Desktop/template/lib/gslab_make/sphinx/build/html/pages/directory.html | 2023-10-24 09:06:22 | 12728
/Users/betty/Desktop/template/lib/gslab_make/sphinx/build/html/_sources/pages/filling.rst.txt | 2023-10-24 09:06:22 | 253
/Users/betty/Desktop/template/lib/gslab_make/sphinx/build/html/_sources/pages/api/run_program/gslab_make.run_program.run_module.rst.txt | 2023-10-24 09:06:22 | 95
/Users/betty/Desktop/template/lib/gslab_make/sphinx/build/doctrees/index.doctree | 2023-10-24 09:06:22 | 6021
/Users/betty/Desktop/template/lib/gslab_make/sphinx/build/html/_static/plus.png | 2023-10-24 09:06:22 | 90
/Users/betty/Desktop/template/lib/gslab_make/sphinx/source/pages/api/run_program/gslab_make.run_program.run_r.rst | 2023-10-24 09:06:22 | 80
/Users/betty/Desktop/template/lib/gslab_make/test/raw/run_program/latex_file.tex | 2023-10-24 09:06:22 | 276
/Users/betty/Desktop/template/lib/gslab_make/docs/_static/basic 2.css | 2023-10-24 09:06:22 | 14621
/Users/betty/Desktop/template/lib/gslab_make/sphinx/build/html/pages/api/modify_dir/gslab_make.modify_dir.zip_dir.html | 2023-10-24 09:06:22 | 6668
/Users/betty/Desktop/template/lib/gslab_make/docs/_sources/pages/sourcing 2.rst.txt | 2023-10-24 09:06:22 | 548
/Users/betty/Desktop/template/lib/gslab_make/sphinx/source/pages/api/run_program/gslab_make.run_program.run_lyx.rst | 2023-10-24 09:06:22 | 86
/Users/betty/Desktop/template/lib/gslab_make/test/test_move_sources.py | 2023-10-24 09:06:22 | 7262
/Users/betty/Desktop/template/lib/gslab_make/sphinx/build/html/pages/api/write_logs/gslab_make.write_logs.end_makelog.html | 2023-10-24 09:06:22 | 6910
/Users/betty/Desktop/template/lib/gslab_make/docs/_static/fonts/fontawesome-webfont 2.woff2 | 2023-10-24 09:06:22 | 77160
/Users/betty/Desktop/template/lib/gslab_make/docs/_static/fonts/Lato/lato-bold.woff | 2023-10-24 09:06:22 | 309728
/Users/betty/Desktop/template/lib/gslab_make/test/raw/move_sources/move_missing.txt | 2023-10-24 09:06:22 | 80
/Users/betty/Desktop/template/lib/gslab_make/docs/searchindex.js | 2023-10-24 09:06:22 | 37621
/Users/betty/Desktop/template/lib/gslab_make/sphinx/build/html/pages/api/run_program/gslab_make.run_program.run_stata.html | 2023-10-24 09:06:22 | 11692
/Users/betty/Desktop/template/lib/gslab_make/docs/pages/api/make_utility/gslab_make.make_utility.copy_output.html | 2023-10-24 09:06:22 | 6778
/Users/betty/Desktop/template/lib/gslab_make/sphinx/build/html/_static/fonts/RobotoSlab/roboto-slab-v7-bold.woff2 | 2023-10-24 09:06:22 | 67312
/Users/betty/Desktop/template/lib/gslab_make/sphinx/build/html/_static/documentation_options.js | 2023-10-24 09:06:22 | 420
/Users/betty/Desktop/template/lib/gslab_make/test/EXCLUDE_test_lyx.py | 2023-10-24 09:06:22 | 9277
/Users/betty/Desktop/template/lib/gslab_make/gslab_make/__pycache__/write_version_logs.cpython-312.pyc | 2023-10-24 09:14:22 | 3477
/Users/betty/Desktop/template/lib/gslab_make/README.md | 2023-10-24 09:06:22 | 2006
/Users/betty/Desktop/template/lib/gslab_make/docs/pages/api/write_logs/gslab_make.write_logs.start_makelog.html | 2023-10-24 09:06:22 | 7076
/Users/betty/Desktop/template/lib/gslab_make/docs/_static/jquery 2.js | 2023-10-24 09:06:22 | 89501
/Users/betty/Desktop/template/lib/gslab_make/sphinx/build/html/_sources/pages/api/run_program/gslab_make.run_program.run_r.rst.txt | 2023-10-24 09:06:22 | 80
/Users/betty/Desktop/template/lib/gslab_make/docs/_sources/pages/api/modify_dir/gslab_make.modify_dir.remove_dir.rst.txt | 2023-10-24 09:06:22 | 94
/Users/betty/Desktop/template/lib/gslab_make/sphinx/source/pages/api/run_program/gslab_make.run_program.run_jupyter.rst | 2023-10-24 09:06:22 | 98
/Users/betty/Desktop/template/lib/gslab_make/sphinx/source/pages/api/make_utility/gslab_make.make_utility.update_paths.rst | 2023-10-24 09:06:22 | 102
/Users/betty/Desktop/template/lib/gslab_make/sphinx/build/html/pages/api/run_program/gslab_make.run_program.run_mathematica.html | 2023-10-24 09:06:22 | 11436
/Users/betty/Desktop/template/lib/gslab_make/sphinx/build/html/_sources/pages/api/run_program/gslab_make.run_program.run_stata.rst.txt | 2023-10-24 09:06:22 | 92
/Users/betty/Desktop/template/lib/gslab_make/docs/_static/sphinx_highlight.js | 2023-10-24 09:06:22 | 4712
/Users/betty/Desktop/template/lib/gslab_make/docs/_static/fonts/RobotoSlab/roboto-slab-v7-regular.eot | 2023-10-24 09:06:22 | 78331
/Users/betty/Desktop/template/lib/gslab_make/build/lib/gslab_make/private/movedirective.py | 2023-10-24 09:06:22 | 12767
/Users/betty/Desktop/template/lib/gslab_make/docs/pages/source_logging.html | 2023-10-24 09:06:22 | 10644
/Users/betty/Desktop/template/lib/gslab_make/gslab_make/__pycache__/modify_dir.cpython-312.pyc | 2023-10-24 09:14:16 | 9290
/Users/betty/Desktop/template/lib/gslab_make/sphinx/build/html/objects.inv | 2023-10-24 09:06:22 | 1957
/Users/betty/Desktop/template/lib/gslab_make/docs/_static/fonts/RobotoSlab/roboto-slab-v7-regular.ttf | 2023-10-24 09:06:22 | 169064
/Users/betty/Desktop/template/lib/gslab_make/docs/pages/api/run_program/gslab_make.run_program.run_stata.html | 2023-10-24 09:06:22 | 11692
/Users/betty/Desktop/template/lib/gslab_make/sphinx/source/pages/api/run_program/gslab_make.run_program.run_stata.rst | 2023-10-24 09:06:22 | 92
/Users/betty/Desktop/template/lib/gslab_make/sphinx/build/html/_static/css/fonts/Roboto-Slab-Regular.woff | 2023-10-24 09:06:22 | 86288
/Users/betty/Desktop/template/lib/gslab_make/docs/pages/api/make_utility/gslab_make.make_utility.update_internal_paths.html | 2023-10-24 09:06:22 | 7175
/Users/betty/Desktop/template/lib/gslab_make/sphinx/build/html/_static/fonts/RobotoSlab/roboto-slab-v7-regular.eot | 2023-10-24 09:06:22 | 78331
/Users/betty/Desktop/template/lib/gslab_make/docs/_static/css/fonts/fontawesome-webfont.woff | 2023-10-24 09:06:22 | 98024
/Users/betty/Desktop/template/lib/gslab_make/sphinx/build/doctrees/pages/api/write_source_logs/gslab_make.write_source_logs.write_source_logs.doctree | 2023-10-24 09:06:22 | 19320
/Users/betty/Desktop/template/lib/gslab_make/docs/pages/filling.html | 2023-10-24 09:06:22 | 16737
/Users/betty/Desktop/template/lib/gslab_make/test/raw/log_outputs/recursion.txt | 2023-10-24 09:06:22 | 34
/Users/betty/Desktop/template/lib/gslab_make/test/raw/config/config_user_bad_executables.yaml | 2023-10-24 09:06:22 | 249
/Users/betty/Desktop/template/lib/gslab_make/sphinx/build/html/_sources/pages/api/move_sources/gslab_make.move_sources.link_externals.rst.txt | 2023-10-24 09:06:22 | 108
/Users/betty/Desktop/template/lib/gslab_make/docs/_static/jquery-3.2.1.js | 2023-10-24 09:06:22 | 268039
/Users/betty/Desktop/template/lib/gslab_make/docs/_sources/pages/api/tablefill/gslab_make.tablefill.tablefill.rst.txt | 2023-10-24 09:06:22 | 90
/Users/betty/Desktop/template/lib/gslab_make/gslab_make/__pycache__/move_sources.cpython-312.pyc | 2023-10-24 09:14:16 | 20180
/Users/betty/Desktop/template/lib/gslab_make/test/raw/tablefill/tablefill space.txt | 2023-10-24 09:06:22 | 66
/Users/betty/Desktop/template/lib/gslab_make/sphinx/build/doctrees/pages/api/move_sources/gslab_make.move_sources.copy_inputs.doctree | 2023-10-24 09:06:22 | 20928
/Users/betty/Desktop/template/lib/gslab_make/docs/_static/searchtools.js | 2023-10-24 09:06:22 | 18215
/Users/betty/Desktop/template/lib/gslab_make/sphinx/source/pages/source_logging 2.rst | 2023-10-24 09:06:22 | 380
/Users/betty/Desktop/template/lib/gslab_make/sphinx/build/html/pages/source_logging 2.html | 2023-10-24 09:06:22 | 9651
/Users/betty/Desktop/template/lib/gslab_make/docs/_static/fonts/Inconsolata.ttf | 2023-10-24 09:06:22 | 63184
/Users/betty/Desktop/template/lib/gslab_make/sphinx/source/pages/general_logging 2.rst | 2023-10-24 09:06:22 | 655
/Users/betty/Desktop/template/lib/gslab_make/sphinx/build/html/_sources/pages/api/write_source_logs/gslab_make.write_source_logs.write_source_logs.rst.txt | 2023-10-24 09:06:22 | 122
/Users/betty/Desktop/template/lib/gslab_make/docs/_static/underscore-1.13.1.js | 2023-10-24 09:06:22 | 68420
/Users/betty/Desktop/template/lib/gslab_make/test/raw/run_program/python_script space.py | 2023-10-24 09:06:22 | 169
/Users/betty/Desktop/template/lib/gslab_make/docs/_sources/pages/api/move_sources/gslab_make.move_sources.copy_inputs.rst.txt | 2023-10-24 09:06:22 | 99
/Users/betty/Desktop/template/lib/gslab_make/sphinx/build/html/_static/css/fonts/fontawesome-webfont.woff2 | 2023-10-24 09:06:22 | 77160
/Users/betty/Desktop/template/lib/gslab_make/sphinx/build/doctrees/pages/api/run_program/gslab_make.run_program.execute_command.doctree | 2023-10-24 09:06:22 | 15448
/Users/betty/Desktop/template/lib/gslab_make/sphinx/build/html/_sources/pages/api/move_sources/gslab_make.move_sources.link_inputs.rst.txt | 2023-10-24 09:06:22 | 99
/Users/betty/Desktop/template/lib/gslab_make/sphinx/build/html/pages/api/check_repo/gslab_make.check_repo.check_module_size.html | 2023-10-24 09:06:22 | 8460
/Users/betty/Desktop/template/lib/gslab_make/sphinx/build/html/pages/dummy.html | 2023-10-24 09:06:22 | 18203
/Users/betty/Desktop/template/lib/gslab_make/docs/_sources/pages/api/make_utility/gslab_make.make_utility.update_executables.rst.txt | 2023-10-24 09:06:22 | 120
/Users/betty/Desktop/template/lib/gslab_make/docs/pages/source_logging 2.html | 2023-10-24 09:06:22 | 9651
/Users/betty/Desktop/template/lib/gslab_make/build/lib/gslab_make/tablefill.py | 2023-10-24 09:06:22 | 20325
/Users/betty/Desktop/template/lib/gslab_make/docs/_sources/pages/api/run_program/gslab_make.run_program.run_sas.rst.txt | 2023-10-24 09:06:22 | 86
/Users/betty/Desktop/template/lib/gslab_make/sphinx/build/doctrees/pages/api/write_logs/gslab_make.write_logs.end_makelog.doctree | 2023-10-24 09:06:22 | 7377
/Users/betty/Desktop/template/lib/gslab_make/docs/_static/searchtools 2.js | 2023-10-24 09:06:22 | 17120
/Users/betty/Desktop/template/lib/gslab_make/docs/_static/fonts/Lato/lato-bolditalic.ttf | 2023-10-24 09:06:22 | 622572
/Users/betty/Desktop/template/lib/gslab_make/gslab_make/private/__init__.py | 2023-10-24 09:06:22 | 0
/Users/betty/Desktop/template/lib/gslab_make/test/raw/move_sources/move_bad.txt | 2023-10-24 09:06:22 | 31
/Users/betty/Desktop/template/lib/gslab_make/docs/pages/api/modify_dir/gslab_make.modify_dir.remove_dir.html | 2023-10-24 09:06:22 | 8068
/Users/betty/Desktop/template/lib/gslab_make/sphinx/source/pages/program.rst | 2023-10-24 09:06:22 | 2704
/Users/betty/Desktop/template/lib/gslab_make/docs/_static/fonts/RobotoSlab/roboto-slab-v7-bold 2.woff | 2023-10-24 09:06:22 | 87624
/Users/betty/Desktop/template/lib/gslab_make/sphinx/build/html/pages/api/run_program/gslab_make.run_program.run_module.html | 2023-10-24 09:06:22 | 10437
/Users/betty/Desktop/template/lib/gslab_make/build/lib/gslab_make/write_source_logs.py | 2023-10-24 09:06:22 | 4866
/Users/betty/Desktop/template/lib/gslab_make/sphinx/source/index.rst | 2023-10-24 09:06:22 | 1039
/Users/betty/Desktop/template/lib/gslab_make/docs/_sources/pages/api/write_logs/gslab_make.write_logs.write_to_makelog.rst.txt | 2023-10-24 09:06:22 | 112
/Users/betty/Desktop/template/lib/gslab_make/sphinx/source/pages/api/make_utility/gslab_make.make_utility.copy_output.rst | 2023-10-24 09:06:22 | 99
/Users/betty/Desktop/template/lib/gslab_make/docs/_static/fonts/RobotoSlab/roboto-slab-v7-bold.woff | 2023-10-24 09:06:22 | 87624
/Users/betty/Desktop/template/lib/gslab_make/test/raw/run_program/matlab_script space.m | 2023-10-24 09:06:22 | 84
/Users/betty/Desktop/template/lib/gslab_make/sphinx/build/html/_sources/pages/api/run_program/gslab_make.run_program.run_stat_transfer.rst.txt | 2023-10-24 09:06:22 | 116
/Users/betty/Desktop/template/lib/gslab_make/test/raw/log_sources/dir_depth/depth_1.txt | 2023-10-24 09:06:22 | 20
/Users/betty/Desktop/template/lib/gslab_make/docs/_static/fonts/Lato-Bold.ttf | 2023-10-24 09:06:22 | 656544
/Users/betty/Desktop/template/lib/gslab_make/sphinx/build/html/_sources/pages/api/tablefill/gslab_make.tablefill.tablefill.rst.txt | 2023-10-24 09:06:22 | 90
/Users/betty/Desktop/template/lib/gslab_make/docs/_static/css/fonts/lato-normal.woff2 | 2023-10-24 09:06:22 | 182708
/Users/betty/Desktop/template/lib/gslab_make/sphinx/source/pages/api/run_program/gslab_make.run_program.run_perl.rst | 2023-10-24 09:06:22 | 89
/Users/betty/Desktop/template/lib/gslab_make/build/lib/gslab_make/private/subprocess_fix.py | 2023-10-24 09:06:22 | 5428
/Users/betty/Desktop/template/lib/gslab_make/sphinx/build/doctrees/pages/specifying_paths.doctree | 2023-10-24 09:06:22 | 17011
/Users/betty/Desktop/template/lib/gslab_make/sphinx/build/html/_static/css/fonts/fontawesome-webfont.woff | 2023-10-24 09:06:22 | 98024
/Users/betty/Desktop/template/lib/gslab_make/docs/pages/repository.html | 2023-10-24 09:06:22 | 11230
/Users/betty/Desktop/template/lib/gslab_make/docs/_static/fonts/fontawesome-webfont.woff2 | 2023-10-24 09:06:22 | 77160
/Users/betty/Desktop/template/lib/gslab_make/docs/pages/api/run_program/gslab_make.run_program.run_python.html | 2023-10-24 09:06:22 | 11407
/Users/betty/Desktop/template/lib/gslab_make/gslab_make/__pycache__/textfill.cpython-312.pyc | 2023-10-24 09:14:22 | 8293
/Users/betty/Desktop/template/lib/gslab_make/sphinx/build/doctrees/pages/api/check_repo/gslab_make.check_repo.check_conda_status.doctree | 2023-10-24 09:06:22 | 6185
/Users/betty/Desktop/template/lib/gslab_make/sphinx/README.md | 2023-10-24 09:06:22 | 1340
/Users/betty/Desktop/template/lib/gslab_make/test/raw/run_program/lyx_file_comments_comments.lyx.bak | 2023-10-24 09:06:22 | 1694
/Users/betty/Desktop/template/lib/gslab_make/docs/_static/fonts/Lato/lato-bolditalic.woff | 2023-10-24 09:06:22 | 323344
/Users/betty/Desktop/template/lib/gslab_make/docs/pages/api/run_program/gslab_make.run_program.run_lyx.html | 2023-10-24 09:06:22 | 12309
/Users/betty/Desktop/template/lib/gslab_make/docs/_static/css/fonts/lato-normal-italic.woff | 2023-10-24 09:06:22 | 328412
/Users/betty/Desktop/template/lib/gslab_make/sphinx/build/html/_static/fonts/Lato/lato-bold.eot | 2023-10-24 09:06:22 | 256056
/Users/betty/Desktop/template/lib/gslab_make/sphinx/build/html/_sources/pages/api/make_utility/gslab_make.make_utility.update_executables.rst.txt | 2023-10-24 09:06:22 | 120
/Users/betty/Desktop/template/lib/gslab_make/sphinx/build/html/_static/fonts/Lato/lato-bolditalic.woff | 2023-10-24 09:06:22 | 323344
/Users/betty/Desktop/template/lib/gslab_make/gslab_make/private/exceptionclasses.py | 2023-10-24 09:06:22 | 943
/Users/betty/Desktop/template/lib/gslab_make/gslab_make/textfill_info.py | 2023-10-24 09:06:22 | 6314
/Users/betty/Desktop/template/lib/gslab_make/sphinx/build/html/_static/fonts/fontawesome-webfont.eot | 2023-10-24 09:06:22 | 165742
/Users/betty/Desktop/template/lib/gslab_make/sphinx/build/html/_sources/pages/api/write_logs/gslab_make.write_logs.start_makelog.rst.txt | 2023-10-24 09:06:22 | 103
/Users/betty/Desktop/template/lib/gslab_make/test/test_make_utility.py | 2023-10-24 09:06:22 | 4552
/Users/betty/Desktop/template/lib/gslab_make/sphinx/build/html/_static/js/modernizr.min.js | 2023-10-24 09:06:22 | 15414
/Users/betty/Desktop/template/lib/gslab_make/sphinx/build/html/pages/program.html | 2023-10-24 09:06:22 | 61975
/Users/betty/Desktop/template/lib/gslab_make/build/lib/test/test_python.py | 2023-10-24 09:06:22 | 7056
/Users/betty/Desktop/template/lib/gslab_make/docs/objects.inv | 2023-10-24 09:06:22 | 1957
/Users/betty/Desktop/template/lib/gslab_make/sphinx/build/doctrees/pages/program.doctree | 2023-10-24 09:06:22 | 215270
/Users/betty/Desktop/template/lib/gslab_make/sphinx/build/doctrees/pages/api/write_logs/gslab_make.write_logs.start_makelog.doctree | 2023-10-24 09:06:22 | 7667
/Users/betty/Desktop/template/lib/gslab_make/sphinx/build/html/pages/general_logging 2.html | 2023-10-24 09:06:22 | 13422
/Users/betty/Desktop/template/lib/gslab_make/docs/_static/fonts/RobotoSlab/roboto-slab-v7-bold 2.eot | 2023-10-24 09:06:22 | 79520
/Users/betty/Desktop/template/lib/gslab_make/docs/_static/js/html5shiv-printshiv.min.js | 2023-10-24 09:06:22 | 4370
/Users/betty/Desktop/template/lib/gslab_make/build/lib/gslab_make/move_sources.py | 2023-10-24 09:06:22 | 19397
/Users/betty/Desktop/template/lib/gslab_make/sphinx/build/html/_static/underscore.js | 2023-10-24 09:06:22 | 19530
/Users/betty/Desktop/template/lib/gslab_make/docs/pages/api/run_program/gslab_make.run_program.run_perl.html | 2023-10-24 09:06:22 | 11413
/Users/betty/Desktop/template/lib/gslab_make/sphinx/build/html/_static/css/fonts/fontawesome-webfont.ttf | 2023-10-24 09:06:22 | 165548
/Users/betty/Desktop/template/lib/gslab_make/test/raw/run_program/r_script_error.R | 2023-10-24 09:06:22 | 5
/Users/betty/Desktop/template/lib/gslab_make/test/raw/log_outputs/dir_depth/depth_1.txt | 2023-10-24 09:06:22 | 20
